[0.007s] Invoking command in '/home/forsaken/Documents/ros_hcr5/hcr5_ws/src/build/hcr5_description': CMAKE_PREFIX_PATH=/opt/ros/humble /usr/bin/cmake /home/forsaken/Documents/ros_hcr5/hcr5_ws/src/hcr5_description -DAMENT_CMAKE_SYMLINK_INSTALL=1 -DCMAKE_INSTALL_PREFIX=/home/forsaken/Documents/ros_hcr5/hcr5_ws/src/install/hcr5_description
[0.040s] -- The C compiler identification is GNU 11.4.0
[0.078s] -- The CXX compiler identification is GNU 11.4.0
[0.082s] -- Detecting C compiler ABI info
[0.126s] -- Detecting C compiler ABI info - done
[0.130s] -- Check for working C compiler: /usr/bin/cc - skipped
[0.130s] -- Detecting C compile features
[0.130s] -- Detecting C compile features - done
[0.132s] -- Detecting CXX compiler ABI info
[0.183s] -- Detecting CXX compiler ABI info - done
[0.187s] -- Check for working CXX compiler: /usr/bin/c++ - skipped
[0.187s] -- Detecting CXX compile features
[0.187s] -- Detecting CXX compile features - done
[0.189s] -- Found ament_cmake: 1.3.12 (/opt/ros/humble/share/ament_cmake/cmake)
[0.284s] -- Found Python3: /usr/bin/python3 (found version "3.10.12") found components: Interpreter 
[0.322s] -- Override CMake install command with custom implementation using symlinks instead of copying resources
[0.346s] -- Found ament_lint_auto: 0.12.14 (/opt/ros/humble/share/ament_lint_auto/cmake)
[0.405s] -- Added test 'flake8' to check Python code syntax and style conventions
[0.406s] -- Added test 'lint_cmake' to check CMake code style
[0.406s] -- Added test 'pep257' to check Python code against some of the docstring style conventions in PEP 257
[0.407s] -- Added test 'xmllint' to check XML markup files
[0.408s] -- Configuring done
[0.409s] -- Generating done
[0.410s] -- Build files have been written to: /home/forsaken/Documents/ros_hcr5/hcr5_ws/src/build/hcr5_description
[0.413s] Invoked command in '/home/forsaken/Documents/ros_hcr5/hcr5_ws/src/build/hcr5_description' returned '0': CMAKE_PREFIX_PATH=/opt/ros/humble /usr/bin/cmake /home/forsaken/Documents/ros_hcr5/hcr5_ws/src/hcr5_description -DAMENT_CMAKE_SYMLINK_INSTALL=1 -DCMAKE_INSTALL_PREFIX=/home/forsaken/Documents/ros_hcr5/hcr5_ws/src/install/hcr5_description
[0.415s] Invoking command in '/home/forsaken/Documents/ros_hcr5/hcr5_ws/src/build/hcr5_description': CMAKE_PREFIX_PATH=/opt/ros/humble /usr/bin/cmake --build /home/forsaken/Documents/ros_hcr5/hcr5_ws/src/build/hcr5_description -- -j24 -l24
[0.441s] Invoked command in '/home/forsaken/Documents/ros_hcr5/hcr5_ws/src/build/hcr5_description' returned '0': CMAKE_PREFIX_PATH=/opt/ros/humble /usr/bin/cmake --build /home/forsaken/Documents/ros_hcr5/hcr5_ws/src/build/hcr5_description -- -j24 -l24
[0.447s] Invoking command in '/home/forsaken/Documents/ros_hcr5/hcr5_ws/src/build/hcr5_description': CMAKE_PREFIX_PATH=/opt/ros/humble /usr/bin/cmake --install /home/forsaken/Documents/ros_hcr5/hcr5_ws/src/build/hcr5_description
[0.452s] -- Install configuration: ""
[0.452s] -- Execute custom install script
[0.453s] -- Symlinking: /home/forsaken/Documents/ros_hcr5/hcr5_ws/src/install/hcr5_description/share/hcr5_description/launch/display.launch.py
[0.459s] -- Symlinking: /home/forsaken/Documents/ros_hcr5/hcr5_ws/src/install/hcr5_description/share/hcr5_description/launch/gazebo.launch.py
[0.463s] -- Symlinking: /home/forsaken/Documents/ros_hcr5/hcr5_ws/src/install/hcr5_description/share/hcr5_description/launch/real_robot_rviz.launch.py
[0.469s] -- Symlinking: /home/forsaken/Documents/ros_hcr5/hcr5_ws/src/install/hcr5_description/share/hcr5_description/urdf/hcr5.gazebo
[0.474s] -- Symlinking: /home/forsaken/Documents/ros_hcr5/hcr5_ws/src/install/hcr5_description/share/hcr5_description/urdf/hcr5.trans
[0.478s] -- Symlinking: /home/forsaken/Documents/ros_hcr5/hcr5_ws/src/install/hcr5_description/share/hcr5_description/urdf/hcr5.urdf
[0.484s] -- Symlinking: /home/forsaken/Documents/ros_hcr5/hcr5_ws/src/install/hcr5_description/share/hcr5_description/urdf/hcr5.xacro
[0.489s] -- Symlinking: /home/forsaken/Documents/ros_hcr5/hcr5_ws/src/install/hcr5_description/share/hcr5_description/urdf/materials.xacro
[0.494s] -- Symlinking: /home/forsaken/Documents/ros_hcr5/hcr5_ws/src/install/hcr5_description/share/hcr5_description/meshes/base_link.stl
[0.498s] -- Symlinking: /home/forsaken/Documents/ros_hcr5/hcr5_ws/src/install/hcr5_description/share/hcr5_description/meshes/link1_1.stl
[0.503s] -- Symlinking: /home/forsaken/Documents/ros_hcr5/hcr5_ws/src/install/hcr5_description/share/hcr5_description/meshes/link2_1.stl
[0.509s] -- Symlinking: /home/forsaken/Documents/ros_hcr5/hcr5_ws/src/install/hcr5_description/share/hcr5_description/meshes/link3_1.stl
[0.515s] -- Symlinking: /home/forsaken/Documents/ros_hcr5/hcr5_ws/src/install/hcr5_description/share/hcr5_description/meshes/link4_1.stl
[0.519s] -- Symlinking: /home/forsaken/Documents/ros_hcr5/hcr5_ws/src/install/hcr5_description/share/hcr5_description/meshes/link5_1.stl
[0.523s] -- Symlinking: /home/forsaken/Documents/ros_hcr5/hcr5_ws/src/install/hcr5_description/share/hcr5_description/meshes/link6_1.stl
[0.528s] -- Symlinking: /home/forsaken/Documents/ros_hcr5/hcr5_ws/src/install/hcr5_description/share/hcr5_description/rviz/hcr5.rviz
[0.533s] -- Symlinking: /home/forsaken/Documents/ros_hcr5/hcr5_ws/src/install/hcr5_description/share/hcr5_description/config/hcr5_controllers.yaml
[0.539s] -- Symlinking: /home/forsaken/Documents/ros_hcr5/hcr5_ws/src/install/hcr5_description/share/ament_index/resource_index/package_run_dependencies/hcr5_description
[0.544s] -- Symlinking: /home/forsaken/Documents/ros_hcr5/hcr5_ws/src/install/hcr5_description/share/ament_index/resource_index/parent_prefix_path/hcr5_description
[0.550s] -- Symlinking: /home/forsaken/Documents/ros_hcr5/hcr5_ws/src/install/hcr5_description/share/hcr5_description/environment/ament_prefix_path.sh
[0.556s] -- Symlinking: /home/forsaken/Documents/ros_hcr5/hcr5_ws/src/install/hcr5_description/share/hcr5_description/environment/ament_prefix_path.dsv
[0.562s] -- Symlinking: /home/forsaken/Documents/ros_hcr5/hcr5_ws/src/install/hcr5_description/share/hcr5_description/environment/path.sh
[0.567s] -- Symlinking: /home/forsaken/Documents/ros_hcr5/hcr5_ws/src/install/hcr5_description/share/hcr5_description/environment/path.dsv
[0.573s] -- Symlinking: /home/forsaken/Documents/ros_hcr5/hcr5_ws/src/install/hcr5_description/share/hcr5_description/local_setup.bash
[0.578s] -- Symlinking: /home/forsaken/Documents/ros_hcr5/hcr5_ws/src/install/hcr5_description/share/hcr5_description/local_setup.sh
[0.583s] -- Symlinking: /home/forsaken/Documents/ros_hcr5/hcr5_ws/src/install/hcr5_description/share/hcr5_description/local_setup.zsh
[0.589s] -- Symlinking: /home/forsaken/Documents/ros_hcr5/hcr5_ws/src/install/hcr5_description/share/hcr5_description/local_setup.dsv
[0.593s] -- Symlinking: /home/forsaken/Documents/ros_hcr5/hcr5_ws/src/install/hcr5_description/share/hcr5_description/package.dsv
[0.598s] -- Symlinking: /home/forsaken/Documents/ros_hcr5/hcr5_ws/src/install/hcr5_description/share/ament_index/resource_index/packages/hcr5_description
[0.603s] -- Symlinking: /home/forsaken/Documents/ros_hcr5/hcr5_ws/src/install/hcr5_description/share/hcr5_description/cmake/hcr5_descriptionConfig.cmake
[0.607s] -- Symlinking: /home/forsaken/Documents/ros_hcr5/hcr5_ws/src/install/hcr5_description/share/hcr5_description/cmake/hcr5_descriptionConfig-version.cmake
[0.613s] -- Symlinking: /home/forsaken/Documents/ros_hcr5/hcr5_ws/src/install/hcr5_description/share/hcr5_description/package.xml
[0.619s] Invoked command in '/home/forsaken/Documents/ros_hcr5/hcr5_ws/src/build/hcr5_description' returned '0': CMAKE_PREFIX_PATH=/opt/ros/humble /usr/bin/cmake --install /home/forsaken/Documents/ros_hcr5/hcr5_ws/src/build/hcr5_description
