[0.052s] DEBUG:colcon:Command line arguments: ['/usr/bin/colcon', 'build']
[0.052s] DEBUG:colcon:Parsed command line arguments: Namespace(log_base=None, log_level=None, verb_name='build', build_base='build', install_base='install', merge_install=False, symlink_install=False, test_result_base=None, continue_on_error=False, executor='parallel', parallel_workers=24, event_handlers=None, ignore_user_meta=False, metas=['./colcon.meta'], base_paths=['.'], packages_ignore=None, packages_ignore_regex=None, paths=None, packages_up_to=None, packages_up_to_regex=None, packages_above=None, packages_above_and_dependencies=None, packages_above_depth=None, packages_select_by_dep=None, packages_skip_by_dep=None, packages_skip_up_to=None, packages_select_build_failed=False, packages_skip_build_finished=False, packages_select_test_failures=False, packages_skip_test_passed=False, packages_select=None, packages_skip=None, packages_select_regex=None, packages_skip_regex=None, packages_start=None, packages_end=None, allow_overriding=[], cmake_args=None, cmake_target=None, cmake_target_skip_unavailable=False, cmake_clean_cache=False, cmake_clean_first=False, cmake_force_configure=False, ament_cmake_args=None, catkin_cmake_args=None, catkin_skip_building_tests=False, verb_parser=<colcon_defaults.argument_parser.defaults.DefaultArgumentsDecorator object at 0x7c89f68d0d90>, verb_extension=<colcon_core.verb.build.BuildVerb object at 0x7c89f6a62170>, main=<bound method BuildVerb.main of <colcon_core.verb.build.BuildVerb object at 0x7c89f6a62170>>)
[0.134s] Level 1:colcon.colcon_core.package_discovery:discover_packages(colcon_meta) check parameters
[0.134s] Level 1:colcon.colcon_core.package_discovery:discover_packages(recursive) check parameters
[0.134s] Level 1:colcon.colcon_core.package_discovery:discover_packages(ignore) check parameters
[0.134s] Level 1:colcon.colcon_core.package_discovery:discover_packages(path) check parameters
[0.134s] Level 1:colcon.colcon_core.package_discovery:discover_packages(colcon_meta) discover
[0.134s] Level 1:colcon.colcon_core.package_discovery:discover_packages(recursive) discover
[0.134s] INFO:colcon.colcon_core.package_discovery:Crawling recursively for packages in '/home/forsaken/Documents/ros_hcr5/hcr5_ws/src'
[0.134s] Level 1:colcon.colcon_core.package_identification:_identify(.) by extensions ['ignore', 'ignore_ament_install']
[0.134s] Level 1:colcon.colcon_core.package_identification:_identify(.) by extension 'ignore'
[0.134s] Level 1:colcon.colcon_core.package_identification:_identify(.) by extension 'ignore_ament_install'
[0.134s] Level 1:colcon.colcon_core.package_identification:_identify(.) by extensions ['colcon_pkg']
[0.134s] Level 1:colcon.colcon_core.package_identification:_identify(.) by extension 'colcon_pkg'
[0.134s] Level 1:colcon.colcon_core.package_identification:_identify(.) by extensions ['colcon_meta']
[0.134s] Level 1:colcon.colcon_core.package_identification:_identify(.) by extension 'colcon_meta'
[0.134s] Level 1:colcon.colcon_core.package_identification:_identify(.) by extensions ['ros']
[0.134s] Level 1:colcon.colcon_core.package_identification:_identify(.) by extension 'ros'
[0.154s] Level 1:colcon.colcon_core.package_identification:_identify(.) by extensions ['cmake', 'python']
[0.154s] Level 1:colcon.colcon_core.package_identification:_identify(.) by extension 'cmake'
[0.154s] Level 1:colcon.colcon_core.package_identification:_identify(.) by extension 'python'
[0.154s] Level 1:colcon.colcon_core.package_identification:_identify(.) by extensions ['python_setup_py']
[0.154s] Level 1:colcon.colcon_core.package_identification:_identify(.) by extension 'python_setup_py'
[0.154s] Level 1:colcon.colcon_core.package_identification:_identify(build) by extensions ['ignore', 'ignore_ament_install']
[0.154s] Level 1:colcon.colcon_core.package_identification:_identify(build) by extension 'ignore'
[0.154s] Level 1:colcon.colcon_core.package_identification:_identify(build) ignored
[0.154s] Level 1:colcon.colcon_core.package_identification:_identify(hcr5_description) by extensions ['ignore', 'ignore_ament_install']
[0.154s] Level 1:colcon.colcon_core.package_identification:_identify(hcr5_description) by extension 'ignore'
[0.154s] Level 1:colcon.colcon_core.package_identification:_identify(hcr5_description) by extension 'ignore_ament_install'
[0.154s] Level 1:colcon.colcon_core.package_identification:_identify(hcr5_description) by extensions ['colcon_pkg']
[0.154s] Level 1:colcon.colcon_core.package_identification:_identify(hcr5_description) by extension 'colcon_pkg'
[0.154s] Level 1:colcon.colcon_core.package_identification:_identify(hcr5_description) by extensions ['colcon_meta']
[0.154s] Level 1:colcon.colcon_core.package_identification:_identify(hcr5_description) by extension 'colcon_meta'
[0.154s] Level 1:colcon.colcon_core.package_identification:_identify(hcr5_description) by extensions ['ros']
[0.154s] Level 1:colcon.colcon_core.package_identification:_identify(hcr5_description) by extension 'ros'
[0.155s] DEBUG:colcon.colcon_core.package_identification:Package 'hcr5_description' with type 'ros.ament_cmake' and name 'hcr5_description'
[0.155s] Level 1:colcon.colcon_core.package_identification:_identify(hcr5_moveit_config) by extensions ['ignore', 'ignore_ament_install']
[0.155s] Level 1:colcon.colcon_core.package_identification:_identify(hcr5_moveit_config) by extension 'ignore'
[0.156s] Level 1:colcon.colcon_core.package_identification:_identify(hcr5_moveit_config) by extension 'ignore_ament_install'
[0.156s] Level 1:colcon.colcon_core.package_identification:_identify(hcr5_moveit_config) by extensions ['colcon_pkg']
[0.156s] Level 1:colcon.colcon_core.package_identification:_identify(hcr5_moveit_config) by extension 'colcon_pkg'
[0.156s] Level 1:colcon.colcon_core.package_identification:_identify(hcr5_moveit_config) by extensions ['colcon_meta']
[0.156s] Level 1:colcon.colcon_core.package_identification:_identify(hcr5_moveit_config) by extension 'colcon_meta'
[0.156s] Level 1:colcon.colcon_core.package_identification:_identify(hcr5_moveit_config) by extensions ['ros']
[0.156s] Level 1:colcon.colcon_core.package_identification:_identify(hcr5_moveit_config) by extension 'ros'
[0.156s] DEBUG:colcon.colcon_core.package_identification:Package 'hcr5_moveit_config' with type 'ros.ament_cmake' and name 'hcr5_moveit_config'
[0.156s] Level 1:colcon.colcon_core.package_identification:_identify(install) by extensions ['ignore', 'ignore_ament_install']
[0.156s] Level 1:colcon.colcon_core.package_identification:_identify(install) by extension 'ignore'
[0.156s] Level 1:colcon.colcon_core.package_identification:_identify(install) ignored
[0.156s] Level 1:colcon.colcon_core.package_identification:_identify(log) by extensions ['ignore', 'ignore_ament_install']
[0.156s] Level 1:colcon.colcon_core.package_identification:_identify(log) by extension 'ignore'
[0.156s] Level 1:colcon.colcon_core.package_identification:_identify(log) ignored
[0.156s] Level 1:colcon.colcon_core.package_discovery:discover_packages(recursive) using defaults
[0.156s] Level 1:colcon.colcon_core.package_discovery:discover_packages(ignore) discover
[0.156s] Level 1:colcon.colcon_core.package_discovery:discover_packages(ignore) using defaults
[0.156s] Level 1:colcon.colcon_core.package_discovery:discover_packages(path) discover
[0.156s] Level 1:colcon.colcon_core.package_discovery:discover_packages(path) using defaults
[0.167s] Level 1:colcon.colcon_core.package_discovery:discover_packages(prefix_path) check parameters
[0.167s] Level 1:colcon.colcon_core.package_discovery:discover_packages(prefix_path) discover
[0.168s] DEBUG:colcon.colcon_installed_package_information.package_discovery:Found 2 installed packages in /home/forsaken/Documents/ros_hcr5/hcr5_ws/src/install
[0.169s] DEBUG:colcon.colcon_installed_package_information.package_discovery:Found 403 installed packages in /opt/ros/humble
[0.169s] Level 1:colcon.colcon_core.package_discovery:discover_packages(prefix_path) using defaults
[0.192s] Level 5:colcon.colcon_core.verb:set package 'hcr5_description' build argument 'cmake_args' from command line to 'None'
[0.192s] Level 5:colcon.colcon_core.verb:set package 'hcr5_description' build argument 'cmake_target' from command line to 'None'
[0.192s] Level 5:colcon.colcon_core.verb:set package 'hcr5_description' build argument 'cmake_target_skip_unavailable' from command line to 'False'
[0.192s] Level 5:colcon.colcon_core.verb:set package 'hcr5_description' build argument 'cmake_clean_cache' from command line to 'False'
[0.192s] Level 5:colcon.colcon_core.verb:set package 'hcr5_description' build argument 'cmake_clean_first' from command line to 'False'
[0.192s] Level 5:colcon.colcon_core.verb:set package 'hcr5_description' build argument 'cmake_force_configure' from command line to 'False'
[0.192s] Level 5:colcon.colcon_core.verb:set package 'hcr5_description' build argument 'ament_cmake_args' from command line to 'None'
[0.192s] Level 5:colcon.colcon_core.verb:set package 'hcr5_description' build argument 'catkin_cmake_args' from command line to 'None'
[0.192s] Level 5:colcon.colcon_core.verb:set package 'hcr5_description' build argument 'catkin_skip_building_tests' from command line to 'False'
[0.193s] DEBUG:colcon.colcon_core.verb:Building package 'hcr5_description' with the following arguments: {'ament_cmake_args': None, 'build_base': '/home/forsaken/Documents/ros_hcr5/hcr5_ws/src/build/hcr5_description', 'catkin_cmake_args': None, 'catkin_skip_building_tests': False, 'cmake_args': None, 'cmake_clean_cache': False, 'cmake_clean_first': False, 'cmake_force_configure': False, 'cmake_target': None, 'cmake_target_skip_unavailable': False, 'install_base': '/home/forsaken/Documents/ros_hcr5/hcr5_ws/src/install/hcr5_description', 'merge_install': False, 'path': '/home/forsaken/Documents/ros_hcr5/hcr5_ws/src/hcr5_description', 'symlink_install': False, 'test_result_base': None}
[0.193s] Level 5:colcon.colcon_core.verb:set package 'hcr5_moveit_config' build argument 'cmake_args' from command line to 'None'
[0.193s] Level 5:colcon.colcon_core.verb:set package 'hcr5_moveit_config' build argument 'cmake_target' from command line to 'None'
[0.193s] Level 5:colcon.colcon_core.verb:set package 'hcr5_moveit_config' build argument 'cmake_target_skip_unavailable' from command line to 'False'
[0.193s] Level 5:colcon.colcon_core.verb:set package 'hcr5_moveit_config' build argument 'cmake_clean_cache' from command line to 'False'
[0.193s] Level 5:colcon.colcon_core.verb:set package 'hcr5_moveit_config' build argument 'cmake_clean_first' from command line to 'False'
[0.193s] Level 5:colcon.colcon_core.verb:set package 'hcr5_moveit_config' build argument 'cmake_force_configure' from command line to 'False'
[0.193s] Level 5:colcon.colcon_core.verb:set package 'hcr5_moveit_config' build argument 'ament_cmake_args' from command line to 'None'
[0.193s] Level 5:colcon.colcon_core.verb:set package 'hcr5_moveit_config' build argument 'catkin_cmake_args' from command line to 'None'
[0.193s] Level 5:colcon.colcon_core.verb:set package 'hcr5_moveit_config' build argument 'catkin_skip_building_tests' from command line to 'False'
[0.193s] DEBUG:colcon.colcon_core.verb:Building package 'hcr5_moveit_config' with the following arguments: {'ament_cmake_args': None, 'build_base': '/home/forsaken/Documents/ros_hcr5/hcr5_ws/src/build/hcr5_moveit_config', 'catkin_cmake_args': None, 'catkin_skip_building_tests': False, 'cmake_args': None, 'cmake_clean_cache': False, 'cmake_clean_first': False, 'cmake_force_configure': False, 'cmake_target': None, 'cmake_target_skip_unavailable': False, 'install_base': '/home/forsaken/Documents/ros_hcr5/hcr5_ws/src/install/hcr5_moveit_config', 'merge_install': False, 'path': '/home/forsaken/Documents/ros_hcr5/hcr5_ws/src/hcr5_moveit_config', 'symlink_install': False, 'test_result_base': None}
[0.193s] INFO:colcon.colcon_core.executor:Executing jobs using 'parallel' executor
[0.194s] DEBUG:colcon.colcon_parallel_executor.executor.parallel:run_until_complete
[0.194s] INFO:colcon.colcon_ros.task.ament_cmake.build:Building ROS package in '/home/forsaken/Documents/ros_hcr5/hcr5_ws/src/hcr5_description' with build type 'ament_cmake'
[0.194s] INFO:colcon.colcon_cmake.task.cmake.build:Building CMake package in '/home/forsaken/Documents/ros_hcr5/hcr5_ws/src/hcr5_description'
[0.195s] INFO:colcon.colcon_core.plugin_system:Skipping extension 'colcon_core.shell.bat': Not used on non-Windows systems
[0.195s] INFO:colcon.colcon_core.shell:Skip shell extension 'powershell' for command environment: Not usable outside of PowerShell
[0.195s] DEBUG:colcon.colcon_core.shell:Skip shell extension 'dsv' for command environment
[0.200s] DEBUG:colcon.colcon_core.event_handler.log_command:Invoking command in '/home/forsaken/Documents/ros_hcr5/hcr5_ws/src/build/hcr5_description': CMAKE_PREFIX_PATH=${CMAKE_PREFIX_PATH}:/opt/ros/humble /usr/bin/cmake /home/forsaken/Documents/ros_hcr5/hcr5_ws/src/hcr5_description -DCMAKE_INSTALL_PREFIX=/home/forsaken/Documents/ros_hcr5/hcr5_ws/src/install/hcr5_description
[0.348s] DEBUG:colcon.colcon_core.event_handler.log_command:Invoked command in '/home/forsaken/Documents/ros_hcr5/hcr5_ws/src/build/hcr5_description' returned '0': CMAKE_PREFIX_PATH=${CMAKE_PREFIX_PATH}:/opt/ros/humble /usr/bin/cmake /home/forsaken/Documents/ros_hcr5/hcr5_ws/src/hcr5_description -DCMAKE_INSTALL_PREFIX=/home/forsaken/Documents/ros_hcr5/hcr5_ws/src/install/hcr5_description
[0.349s] DEBUG:colcon.colcon_core.event_handler.log_command:Invoking command in '/home/forsaken/Documents/ros_hcr5/hcr5_ws/src/build/hcr5_description': CMAKE_PREFIX_PATH=${CMAKE_PREFIX_PATH}:/opt/ros/humble /usr/bin/cmake --build /home/forsaken/Documents/ros_hcr5/hcr5_ws/src/build/hcr5_description -- -j24 -l24
[0.374s] DEBUG:colcon.colcon_core.event_handler.log_command:Invoked command in '/home/forsaken/Documents/ros_hcr5/hcr5_ws/src/build/hcr5_description' returned '0': CMAKE_PREFIX_PATH=${CMAKE_PREFIX_PATH}:/opt/ros/humble /usr/bin/cmake --build /home/forsaken/Documents/ros_hcr5/hcr5_ws/src/build/hcr5_description -- -j24 -l24
[0.379s] DEBUG:colcon.colcon_core.event_handler.log_command:Invoking command in '/home/forsaken/Documents/ros_hcr5/hcr5_ws/src/build/hcr5_description': CMAKE_PREFIX_PATH=${CMAKE_PREFIX_PATH}:/opt/ros/humble /usr/bin/cmake --install /home/forsaken/Documents/ros_hcr5/hcr5_ws/src/build/hcr5_description
[0.393s] Level 1:colcon.colcon_core.environment:create_environment_scripts_only(hcr5_description)
[0.393s] DEBUG:colcon.colcon_core.event_handler.log_command:Invoked command in '/home/forsaken/Documents/ros_hcr5/hcr5_ws/src/build/hcr5_description' returned '0': CMAKE_PREFIX_PATH=${CMAKE_PREFIX_PATH}:/opt/ros/humble /usr/bin/cmake --install /home/forsaken/Documents/ros_hcr5/hcr5_ws/src/build/hcr5_description
[0.395s] Level 1:colcon.colcon_core.environment:checking '/home/forsaken/Documents/ros_hcr5/hcr5_ws/src/install/hcr5_description' for CMake module files
[0.395s] Level 1:colcon.colcon_core.environment:checking '/home/forsaken/Documents/ros_hcr5/hcr5_ws/src/install/hcr5_description' for CMake config files
[0.396s] Level 1:colcon.colcon_core.shell:create_environment_hook('hcr5_description', 'cmake_prefix_path')
[0.396s] INFO:colcon.colcon_core.shell:Creating environment hook '/home/forsaken/Documents/ros_hcr5/hcr5_ws/src/install/hcr5_description/share/hcr5_description/hook/cmake_prefix_path.ps1'
[0.396s] INFO:colcon.colcon_core.shell:Creating environment descriptor '/home/forsaken/Documents/ros_hcr5/hcr5_ws/src/install/hcr5_description/share/hcr5_description/hook/cmake_prefix_path.dsv'
[0.397s] INFO:colcon.colcon_core.shell:Creating environment hook '/home/forsaken/Documents/ros_hcr5/hcr5_ws/src/install/hcr5_description/share/hcr5_description/hook/cmake_prefix_path.sh'
[0.397s] Level 1:colcon.colcon_core.environment:checking '/home/forsaken/Documents/ros_hcr5/hcr5_ws/src/install/hcr5_description/bin'
[0.397s] Level 1:colcon.colcon_core.environment:checking '/home/forsaken/Documents/ros_hcr5/hcr5_ws/src/install/hcr5_description/lib/pkgconfig/hcr5_description.pc'
[0.397s] Level 1:colcon.colcon_core.environment:checking '/home/forsaken/Documents/ros_hcr5/hcr5_ws/src/install/hcr5_description/lib/python3.10/site-packages'
[0.398s] Level 1:colcon.colcon_core.environment:checking '/home/forsaken/Documents/ros_hcr5/hcr5_ws/src/install/hcr5_description/bin'
[0.398s] INFO:colcon.colcon_core.shell:Creating package script '/home/forsaken/Documents/ros_hcr5/hcr5_ws/src/install/hcr5_description/share/hcr5_description/package.ps1'
[0.398s] INFO:colcon.colcon_core.shell:Creating package descriptor '/home/forsaken/Documents/ros_hcr5/hcr5_ws/src/install/hcr5_description/share/hcr5_description/package.dsv'
[0.398s] INFO:colcon.colcon_core.shell:Creating package script '/home/forsaken/Documents/ros_hcr5/hcr5_ws/src/install/hcr5_description/share/hcr5_description/package.sh'
[0.399s] INFO:colcon.colcon_core.shell:Creating package script '/home/forsaken/Documents/ros_hcr5/hcr5_ws/src/install/hcr5_description/share/hcr5_description/package.bash'
[0.400s] INFO:colcon.colcon_core.shell:Creating package script '/home/forsaken/Documents/ros_hcr5/hcr5_ws/src/install/hcr5_description/share/hcr5_description/package.zsh'
[0.400s] Level 1:colcon.colcon_core.environment:create_file_with_runtime_dependencies(/home/forsaken/Documents/ros_hcr5/hcr5_ws/src/install/hcr5_description/share/colcon-core/packages/hcr5_description)
[0.400s] Level 1:colcon.colcon_core.environment:create_environment_scripts_only(hcr5_description)
[0.400s] Level 1:colcon.colcon_core.environment:checking '/home/forsaken/Documents/ros_hcr5/hcr5_ws/src/install/hcr5_description' for CMake module files
[0.400s] Level 1:colcon.colcon_core.environment:checking '/home/forsaken/Documents/ros_hcr5/hcr5_ws/src/install/hcr5_description' for CMake config files
[0.401s] Level 1:colcon.colcon_core.shell:create_environment_hook('hcr5_description', 'cmake_prefix_path')
[0.401s] INFO:colcon.colcon_core.shell:Creating environment hook '/home/forsaken/Documents/ros_hcr5/hcr5_ws/src/install/hcr5_description/share/hcr5_description/hook/cmake_prefix_path.ps1'
[0.401s] INFO:colcon.colcon_core.shell:Creating environment descriptor '/home/forsaken/Documents/ros_hcr5/hcr5_ws/src/install/hcr5_description/share/hcr5_description/hook/cmake_prefix_path.dsv'
[0.401s] INFO:colcon.colcon_core.shell:Creating environment hook '/home/forsaken/Documents/ros_hcr5/hcr5_ws/src/install/hcr5_description/share/hcr5_description/hook/cmake_prefix_path.sh'
[0.401s] Level 1:colcon.colcon_core.environment:checking '/home/forsaken/Documents/ros_hcr5/hcr5_ws/src/install/hcr5_description/bin'
[0.401s] Level 1:colcon.colcon_core.environment:checking '/home/forsaken/Documents/ros_hcr5/hcr5_ws/src/install/hcr5_description/lib/pkgconfig/hcr5_description.pc'
[0.401s] Level 1:colcon.colcon_core.environment:checking '/home/forsaken/Documents/ros_hcr5/hcr5_ws/src/install/hcr5_description/lib/python3.10/site-packages'
[0.402s] Level 1:colcon.colcon_core.environment:checking '/home/forsaken/Documents/ros_hcr5/hcr5_ws/src/install/hcr5_description/bin'
[0.402s] INFO:colcon.colcon_core.shell:Creating package script '/home/forsaken/Documents/ros_hcr5/hcr5_ws/src/install/hcr5_description/share/hcr5_description/package.ps1'
[0.402s] INFO:colcon.colcon_core.shell:Creating package descriptor '/home/forsaken/Documents/ros_hcr5/hcr5_ws/src/install/hcr5_description/share/hcr5_description/package.dsv'
[0.402s] INFO:colcon.colcon_core.shell:Creating package script '/home/forsaken/Documents/ros_hcr5/hcr5_ws/src/install/hcr5_description/share/hcr5_description/package.sh'
[0.402s] INFO:colcon.colcon_core.shell:Creating package script '/home/forsaken/Documents/ros_hcr5/hcr5_ws/src/install/hcr5_description/share/hcr5_description/package.bash'
[0.402s] INFO:colcon.colcon_core.shell:Creating package script '/home/forsaken/Documents/ros_hcr5/hcr5_ws/src/install/hcr5_description/share/hcr5_description/package.zsh'
[0.403s] Level 1:colcon.colcon_core.environment:create_file_with_runtime_dependencies(/home/forsaken/Documents/ros_hcr5/hcr5_ws/src/install/hcr5_description/share/colcon-core/packages/hcr5_description)
[0.403s] INFO:colcon.colcon_ros.task.ament_cmake.build:Building ROS package in '/home/forsaken/Documents/ros_hcr5/hcr5_ws/src/hcr5_moveit_config' with build type 'ament_cmake'
[0.403s] INFO:colcon.colcon_cmake.task.cmake.build:Building CMake package in '/home/forsaken/Documents/ros_hcr5/hcr5_ws/src/hcr5_moveit_config'
[0.403s] INFO:colcon.colcon_core.shell:Skip shell extension 'powershell' for command environment: Not usable outside of PowerShell
[0.403s] DEBUG:colcon.colcon_core.shell:Skip shell extension 'dsv' for command environment
[0.409s] DEBUG:colcon.colcon_core.event_handler.log_command:Invoking command in '/home/forsaken/Documents/ros_hcr5/hcr5_ws/src/build/hcr5_moveit_config': CMAKE_PREFIX_PATH=/home/forsaken/Documents/ros_hcr5/hcr5_ws/src/install/hcr5_description:/home/forsaken/Documents/ros_hcr5/hcr5_ws/src/install/hcr5_moveit_config:/opt/ros/humble /usr/bin/cmake /home/forsaken/Documents/ros_hcr5/hcr5_ws/src/hcr5_moveit_config -DCMAKE_INSTALL_PREFIX=/home/forsaken/Documents/ros_hcr5/hcr5_ws/src/install/hcr5_moveit_config
[0.545s] DEBUG:colcon.colcon_core.event_handler.log_command:Invoked command in '/home/forsaken/Documents/ros_hcr5/hcr5_ws/src/build/hcr5_moveit_config' returned '0': CMAKE_PREFIX_PATH=/home/forsaken/Documents/ros_hcr5/hcr5_ws/src/install/hcr5_description:/home/forsaken/Documents/ros_hcr5/hcr5_ws/src/install/hcr5_moveit_config:/opt/ros/humble /usr/bin/cmake /home/forsaken/Documents/ros_hcr5/hcr5_ws/src/hcr5_moveit_config -DCMAKE_INSTALL_PREFIX=/home/forsaken/Documents/ros_hcr5/hcr5_ws/src/install/hcr5_moveit_config
[0.546s] DEBUG:colcon.colcon_core.event_handler.log_command:Invoking command in '/home/forsaken/Documents/ros_hcr5/hcr5_ws/src/build/hcr5_moveit_config': CMAKE_PREFIX_PATH=/home/forsaken/Documents/ros_hcr5/hcr5_ws/src/install/hcr5_description:/home/forsaken/Documents/ros_hcr5/hcr5_ws/src/install/hcr5_moveit_config:/opt/ros/humble /usr/bin/cmake --build /home/forsaken/Documents/ros_hcr5/hcr5_ws/src/build/hcr5_moveit_config -- -j24 -l24
[0.572s] DEBUG:colcon.colcon_core.event_handler.log_command:Invoked command in '/home/forsaken/Documents/ros_hcr5/hcr5_ws/src/build/hcr5_moveit_config' returned '0': CMAKE_PREFIX_PATH=/home/forsaken/Documents/ros_hcr5/hcr5_ws/src/install/hcr5_description:/home/forsaken/Documents/ros_hcr5/hcr5_ws/src/install/hcr5_moveit_config:/opt/ros/humble /usr/bin/cmake --build /home/forsaken/Documents/ros_hcr5/hcr5_ws/src/build/hcr5_moveit_config -- -j24 -l24
[0.572s] DEBUG:colcon.colcon_core.event_handler.log_command:Invoking command in '/home/forsaken/Documents/ros_hcr5/hcr5_ws/src/build/hcr5_moveit_config': CMAKE_PREFIX_PATH=/home/forsaken/Documents/ros_hcr5/hcr5_ws/src/install/hcr5_description:/home/forsaken/Documents/ros_hcr5/hcr5_ws/src/install/hcr5_moveit_config:/opt/ros/humble /usr/bin/cmake --install /home/forsaken/Documents/ros_hcr5/hcr5_ws/src/build/hcr5_moveit_config
[0.586s] Level 1:colcon.colcon_core.environment:create_environment_scripts_only(hcr5_moveit_config)
[0.586s] Level 1:colcon.colcon_core.environment:checking '/home/forsaken/Documents/ros_hcr5/hcr5_ws/src/install/hcr5_moveit_config' for CMake module files
[0.586s] DEBUG:colcon.colcon_core.event_handler.log_command:Invoked command in '/home/forsaken/Documents/ros_hcr5/hcr5_ws/src/build/hcr5_moveit_config' returned '0': CMAKE_PREFIX_PATH=/home/forsaken/Documents/ros_hcr5/hcr5_ws/src/install/hcr5_description:/home/forsaken/Documents/ros_hcr5/hcr5_ws/src/install/hcr5_moveit_config:/opt/ros/humble /usr/bin/cmake --install /home/forsaken/Documents/ros_hcr5/hcr5_ws/src/build/hcr5_moveit_config
[0.587s] Level 1:colcon.colcon_core.environment:checking '/home/forsaken/Documents/ros_hcr5/hcr5_ws/src/install/hcr5_moveit_config' for CMake config files
[0.587s] Level 1:colcon.colcon_core.shell:create_environment_hook('hcr5_moveit_config', 'cmake_prefix_path')
[0.587s] INFO:colcon.colcon_core.shell:Creating environment hook '/home/forsaken/Documents/ros_hcr5/hcr5_ws/src/install/hcr5_moveit_config/share/hcr5_moveit_config/hook/cmake_prefix_path.ps1'
[0.588s] INFO:colcon.colcon_core.shell:Creating environment descriptor '/home/forsaken/Documents/ros_hcr5/hcr5_ws/src/install/hcr5_moveit_config/share/hcr5_moveit_config/hook/cmake_prefix_path.dsv'
[0.588s] INFO:colcon.colcon_core.shell:Creating environment hook '/home/forsaken/Documents/ros_hcr5/hcr5_ws/src/install/hcr5_moveit_config/share/hcr5_moveit_config/hook/cmake_prefix_path.sh'
[0.588s] Level 1:colcon.colcon_core.environment:checking '/home/forsaken/Documents/ros_hcr5/hcr5_ws/src/install/hcr5_moveit_config/bin'
[0.589s] Level 1:colcon.colcon_core.environment:checking '/home/forsaken/Documents/ros_hcr5/hcr5_ws/src/install/hcr5_moveit_config/lib/pkgconfig/hcr5_moveit_config.pc'
[0.589s] Level 1:colcon.colcon_core.environment:checking '/home/forsaken/Documents/ros_hcr5/hcr5_ws/src/install/hcr5_moveit_config/lib/python3.10/site-packages'
[0.589s] Level 1:colcon.colcon_core.environment:checking '/home/forsaken/Documents/ros_hcr5/hcr5_ws/src/install/hcr5_moveit_config/bin'
[0.589s] INFO:colcon.colcon_core.shell:Creating package script '/home/forsaken/Documents/ros_hcr5/hcr5_ws/src/install/hcr5_moveit_config/share/hcr5_moveit_config/package.ps1'
[0.590s] INFO:colcon.colcon_core.shell:Creating package descriptor '/home/forsaken/Documents/ros_hcr5/hcr5_ws/src/install/hcr5_moveit_config/share/hcr5_moveit_config/package.dsv'
[0.590s] INFO:colcon.colcon_core.shell:Creating package script '/home/forsaken/Documents/ros_hcr5/hcr5_ws/src/install/hcr5_moveit_config/share/hcr5_moveit_config/package.sh'
[0.591s] INFO:colcon.colcon_core.shell:Creating package script '/home/forsaken/Documents/ros_hcr5/hcr5_ws/src/install/hcr5_moveit_config/share/hcr5_moveit_config/package.bash'
[0.591s] INFO:colcon.colcon_core.shell:Creating package script '/home/forsaken/Documents/ros_hcr5/hcr5_ws/src/install/hcr5_moveit_config/share/hcr5_moveit_config/package.zsh'
[0.591s] Level 1:colcon.colcon_core.environment:create_file_with_runtime_dependencies(/home/forsaken/Documents/ros_hcr5/hcr5_ws/src/install/hcr5_moveit_config/share/colcon-core/packages/hcr5_moveit_config)
[0.592s] Level 1:colcon.colcon_core.environment:create_environment_scripts_only(hcr5_moveit_config)
[0.592s] Level 1:colcon.colcon_core.environment:checking '/home/forsaken/Documents/ros_hcr5/hcr5_ws/src/install/hcr5_moveit_config' for CMake module files
[0.592s] Level 1:colcon.colcon_core.environment:checking '/home/forsaken/Documents/ros_hcr5/hcr5_ws/src/install/hcr5_moveit_config' for CMake config files
[0.593s] Level 1:colcon.colcon_core.shell:create_environment_hook('hcr5_moveit_config', 'cmake_prefix_path')
[0.593s] INFO:colcon.colcon_core.shell:Creating environment hook '/home/forsaken/Documents/ros_hcr5/hcr5_ws/src/install/hcr5_moveit_config/share/hcr5_moveit_config/hook/cmake_prefix_path.ps1'
[0.593s] INFO:colcon.colcon_core.shell:Creating environment descriptor '/home/forsaken/Documents/ros_hcr5/hcr5_ws/src/install/hcr5_moveit_config/share/hcr5_moveit_config/hook/cmake_prefix_path.dsv'
[0.593s] INFO:colcon.colcon_core.shell:Creating environment hook '/home/forsaken/Documents/ros_hcr5/hcr5_ws/src/install/hcr5_moveit_config/share/hcr5_moveit_config/hook/cmake_prefix_path.sh'
[0.593s] Level 1:colcon.colcon_core.environment:checking '/home/forsaken/Documents/ros_hcr5/hcr5_ws/src/install/hcr5_moveit_config/bin'
[0.593s] Level 1:colcon.colcon_core.environment:checking '/home/forsaken/Documents/ros_hcr5/hcr5_ws/src/install/hcr5_moveit_config/lib/pkgconfig/hcr5_moveit_config.pc'
[0.593s] Level 1:colcon.colcon_core.environment:checking '/home/forsaken/Documents/ros_hcr5/hcr5_ws/src/install/hcr5_moveit_config/lib/python3.10/site-packages'
[0.594s] Level 1:colcon.colcon_core.environment:checking '/home/forsaken/Documents/ros_hcr5/hcr5_ws/src/install/hcr5_moveit_config/bin'
[0.594s] INFO:colcon.colcon_core.shell:Creating package script '/home/forsaken/Documents/ros_hcr5/hcr5_ws/src/install/hcr5_moveit_config/share/hcr5_moveit_config/package.ps1'
[0.594s] INFO:colcon.colcon_core.shell:Creating package descriptor '/home/forsaken/Documents/ros_hcr5/hcr5_ws/src/install/hcr5_moveit_config/share/hcr5_moveit_config/package.dsv'
[0.594s] INFO:colcon.colcon_core.shell:Creating package script '/home/forsaken/Documents/ros_hcr5/hcr5_ws/src/install/hcr5_moveit_config/share/hcr5_moveit_config/package.sh'
[0.595s] INFO:colcon.colcon_core.shell:Creating package script '/home/forsaken/Documents/ros_hcr5/hcr5_ws/src/install/hcr5_moveit_config/share/hcr5_moveit_config/package.bash'
[0.595s] INFO:colcon.colcon_core.shell:Creating package script '/home/forsaken/Documents/ros_hcr5/hcr5_ws/src/install/hcr5_moveit_config/share/hcr5_moveit_config/package.zsh'
[0.595s] Level 1:colcon.colcon_core.environment:create_file_with_runtime_dependencies(/home/forsaken/Documents/ros_hcr5/hcr5_ws/src/install/hcr5_moveit_config/share/colcon-core/packages/hcr5_moveit_config)
[0.595s] DEBUG:colcon.colcon_parallel_executor.executor.parallel:closing loop
[0.595s] DEBUG:colcon.colcon_parallel_executor.executor.parallel:loop closed
[0.595s] DEBUG:colcon.colcon_parallel_executor.executor.parallel:run_until_complete finished with '0'
[0.595s] DEBUG:colcon.colcon_core.event_reactor:joining thread
[0.598s] INFO:colcon.colcon_core.plugin_system:Skipping extension 'colcon_notification.desktop_notification.terminal_notifier': Not used on non-Darwin systems
[0.598s] INFO:colcon.colcon_core.plugin_system:Skipping extension 'colcon_notification.desktop_notification.win32': Not used on non-Windows systems
[0.598s] INFO:colcon.colcon_notification.desktop_notification:Sending desktop notification using 'notify2'
[0.605s] DEBUG:colcon.colcon_core.event_reactor:joined thread
[0.605s] INFO:colcon.colcon_core.shell:Creating prefix script '/home/forsaken/Documents/ros_hcr5/hcr5_ws/src/install/local_setup.ps1'
[0.606s] INFO:colcon.colcon_core.shell:Creating prefix util module '/home/forsaken/Documents/ros_hcr5/hcr5_ws/src/install/_local_setup_util_ps1.py'
[0.606s] INFO:colcon.colcon_core.shell:Creating prefix chain script '/home/forsaken/Documents/ros_hcr5/hcr5_ws/src/install/setup.ps1'
[0.607s] INFO:colcon.colcon_core.shell:Creating prefix script '/home/forsaken/Documents/ros_hcr5/hcr5_ws/src/install/local_setup.sh'
[0.607s] INFO:colcon.colcon_core.shell:Creating prefix util module '/home/forsaken/Documents/ros_hcr5/hcr5_ws/src/install/_local_setup_util_sh.py'
[0.607s] INFO:colcon.colcon_core.shell:Creating prefix chain script '/home/forsaken/Documents/ros_hcr5/hcr5_ws/src/install/setup.sh'
[0.608s] INFO:colcon.colcon_core.shell:Creating prefix script '/home/forsaken/Documents/ros_hcr5/hcr5_ws/src/install/local_setup.bash'
[0.608s] INFO:colcon.colcon_core.shell:Creating prefix chain script '/home/forsaken/Documents/ros_hcr5/hcr5_ws/src/install/setup.bash'
[0.608s] INFO:colcon.colcon_core.shell:Creating prefix script '/home/forsaken/Documents/ros_hcr5/hcr5_ws/src/install/local_setup.zsh'
[0.609s] INFO:colcon.colcon_core.shell:Creating prefix chain script '/home/forsaken/Documents/ros_hcr5/hcr5_ws/src/install/setup.zsh'
