[0.006s] Invoking command in '/home/forsaken/Documents/ros_hcr5/hcr5_ws/src/build/hcr5_moveit_config': AMENT_PREFIX_PATH=/home/forsaken/Documents/ros_hcr5/hcr5_ws/src/install/hcr5_description:${AMENT_PREFIX_PATH} CMAKE_PREFIX_PATH=/home/forsaken/Documents/ros_hcr5/hcr5_ws/src/install/hcr5_description:/opt/ros/humble /usr/bin/cmake /home/forsaken/Documents/ros_hcr5/hcr5_ws/src/hcr5_moveit_config -DAMENT_CMAKE_SYMLINK_INSTALL=1 -DCMAKE_INSTALL_PREFIX=/home/forsaken/Documents/ros_hcr5/hcr5_ws/src/install/hcr5_moveit_config
[0.045s] -- The C compiler identification is GNU 11.4.0
[0.078s] -- The CXX compiler identification is GNU 11.4.0
[0.082s] -- Detecting C compiler ABI info
[0.125s] -- Detecting C compiler ABI info - done
[0.129s] -- Check for working C compiler: /usr/bin/cc - skipped
[0.129s] -- Detecting C compile features
[0.129s] -- Detecting C compile features - done
[0.131s] -- Detecting CXX compiler ABI info
[0.179s] -- Detecting CXX compiler ABI info - done
[0.183s] -- Check for working CXX compiler: /usr/bin/c++ - skipped
[0.183s] -- Detecting CXX compile features
[0.184s] -- Detecting CXX compile features - done
[0.185s] -- Found ament_cmake: 1.3.12 (/opt/ros/humble/share/ament_cmake/cmake)
[0.275s] -- Found Python3: /usr/bin/python3 (found version "3.10.12") found components: Interpreter 
[0.309s] -- Override CMake install command with custom implementation using symlinks instead of copying resources
[0.377s] -- Configuring done
[0.378s] -- Generating done
[0.378s] -- Build files have been written to: /home/forsaken/Documents/ros_hcr5/hcr5_ws/src/build/hcr5_moveit_config
[0.381s] Invoked command in '/home/forsaken/Documents/ros_hcr5/hcr5_ws/src/build/hcr5_moveit_config' returned '0': AMENT_PREFIX_PATH=/home/forsaken/Documents/ros_hcr5/hcr5_ws/src/install/hcr5_description:${AMENT_PREFIX_PATH} CMAKE_PREFIX_PATH=/home/forsaken/Documents/ros_hcr5/hcr5_ws/src/install/hcr5_description:/opt/ros/humble /usr/bin/cmake /home/forsaken/Documents/ros_hcr5/hcr5_ws/src/hcr5_moveit_config -DAMENT_CMAKE_SYMLINK_INSTALL=1 -DCMAKE_INSTALL_PREFIX=/home/forsaken/Documents/ros_hcr5/hcr5_ws/src/install/hcr5_moveit_config
[0.382s] Invoking command in '/home/forsaken/Documents/ros_hcr5/hcr5_ws/src/build/hcr5_moveit_config': AMENT_PREFIX_PATH=/home/forsaken/Documents/ros_hcr5/hcr5_ws/src/install/hcr5_description:${AMENT_PREFIX_PATH} CMAKE_PREFIX_PATH=/home/forsaken/Documents/ros_hcr5/hcr5_ws/src/install/hcr5_description:/opt/ros/humble /usr/bin/cmake --build /home/forsaken/Documents/ros_hcr5/hcr5_ws/src/build/hcr5_moveit_config -- -j24 -l24
[0.407s] Invoked command in '/home/forsaken/Documents/ros_hcr5/hcr5_ws/src/build/hcr5_moveit_config' returned '0': AMENT_PREFIX_PATH=/home/forsaken/Documents/ros_hcr5/hcr5_ws/src/install/hcr5_description:${AMENT_PREFIX_PATH} CMAKE_PREFIX_PATH=/home/forsaken/Documents/ros_hcr5/hcr5_ws/src/install/hcr5_description:/opt/ros/humble /usr/bin/cmake --build /home/forsaken/Documents/ros_hcr5/hcr5_ws/src/build/hcr5_moveit_config -- -j24 -l24
[0.408s] Invoking command in '/home/forsaken/Documents/ros_hcr5/hcr5_ws/src/build/hcr5_moveit_config': AMENT_PREFIX_PATH=/home/forsaken/Documents/ros_hcr5/hcr5_ws/src/install/hcr5_description:${AMENT_PREFIX_PATH} CMAKE_PREFIX_PATH=/home/forsaken/Documents/ros_hcr5/hcr5_ws/src/install/hcr5_description:/opt/ros/humble /usr/bin/cmake --install /home/forsaken/Documents/ros_hcr5/hcr5_ws/src/build/hcr5_moveit_config
[0.412s] -- Install configuration: ""
[0.412s] -- Execute custom install script
[0.413s] -- Symlinking: /home/forsaken/Documents/ros_hcr5/hcr5_ws/src/install/hcr5_moveit_config/share/ament_index/resource_index/package_run_dependencies/hcr5_moveit_config
[0.418s] -- Symlinking: /home/forsaken/Documents/ros_hcr5/hcr5_ws/src/install/hcr5_moveit_config/share/ament_index/resource_index/parent_prefix_path/hcr5_moveit_config
[0.423s] -- Symlinking: /home/forsaken/Documents/ros_hcr5/hcr5_ws/src/install/hcr5_moveit_config/share/hcr5_moveit_config/environment/ament_prefix_path.sh
[0.429s] -- Symlinking: /home/forsaken/Documents/ros_hcr5/hcr5_ws/src/install/hcr5_moveit_config/share/hcr5_moveit_config/environment/ament_prefix_path.dsv
[0.433s] -- Symlinking: /home/forsaken/Documents/ros_hcr5/hcr5_ws/src/install/hcr5_moveit_config/share/hcr5_moveit_config/environment/path.sh
[0.440s] -- Symlinking: /home/forsaken/Documents/ros_hcr5/hcr5_ws/src/install/hcr5_moveit_config/share/hcr5_moveit_config/environment/path.dsv
[0.445s] -- Symlinking: /home/forsaken/Documents/ros_hcr5/hcr5_ws/src/install/hcr5_moveit_config/share/hcr5_moveit_config/local_setup.bash
[0.450s] -- Symlinking: /home/forsaken/Documents/ros_hcr5/hcr5_ws/src/install/hcr5_moveit_config/share/hcr5_moveit_config/local_setup.sh
[0.455s] -- Symlinking: /home/forsaken/Documents/ros_hcr5/hcr5_ws/src/install/hcr5_moveit_config/share/hcr5_moveit_config/local_setup.zsh
[0.460s] -- Symlinking: /home/forsaken/Documents/ros_hcr5/hcr5_ws/src/install/hcr5_moveit_config/share/hcr5_moveit_config/local_setup.dsv
[0.466s] -- Symlinking: /home/forsaken/Documents/ros_hcr5/hcr5_ws/src/install/hcr5_moveit_config/share/hcr5_moveit_config/package.dsv
[0.471s] -- Symlinking: /home/forsaken/Documents/ros_hcr5/hcr5_ws/src/install/hcr5_moveit_config/share/ament_index/resource_index/packages/hcr5_moveit_config
[0.477s] -- Symlinking: /home/forsaken/Documents/ros_hcr5/hcr5_ws/src/install/hcr5_moveit_config/share/hcr5_moveit_config/cmake/hcr5_moveit_configConfig.cmake
[0.481s] -- Symlinking: /home/forsaken/Documents/ros_hcr5/hcr5_ws/src/install/hcr5_moveit_config/share/hcr5_moveit_config/cmake/hcr5_moveit_configConfig-version.cmake
[0.486s] -- Symlinking: /home/forsaken/Documents/ros_hcr5/hcr5_ws/src/install/hcr5_moveit_config/share/hcr5_moveit_config/package.xml
[0.493s] -- Symlinking: /home/forsaken/Documents/ros_hcr5/hcr5_ws/src/install/hcr5_moveit_config/share/hcr5_moveit_config/launch/demo.launch.py
[0.497s] -- Symlinking: /home/forsaken/Documents/ros_hcr5/hcr5_ws/src/install/hcr5_moveit_config/share/hcr5_moveit_config/launch/hcr5_full_sim.launch.py
[0.502s] -- Symlinking: /home/forsaken/Documents/ros_hcr5/hcr5_ws/src/install/hcr5_moveit_config/share/hcr5_moveit_config/launch/move_group.launch.py
[0.506s] -- Symlinking: /home/forsaken/Documents/ros_hcr5/hcr5_ws/src/install/hcr5_moveit_config/share/hcr5_moveit_config/launch/moveit_rviz.launch.py
[0.512s] -- Symlinking: /home/forsaken/Documents/ros_hcr5/hcr5_ws/src/install/hcr5_moveit_config/share/hcr5_moveit_config/launch/rsp.launch.py
[0.518s] -- Symlinking: /home/forsaken/Documents/ros_hcr5/hcr5_ws/src/install/hcr5_moveit_config/share/hcr5_moveit_config/launch/setup_assistant.launch.py
[0.522s] -- Symlinking: /home/forsaken/Documents/ros_hcr5/hcr5_ws/src/install/hcr5_moveit_config/share/hcr5_moveit_config/launch/spawn_controllers.launch.py
[0.527s] -- Symlinking: /home/forsaken/Documents/ros_hcr5/hcr5_ws/src/install/hcr5_moveit_config/share/hcr5_moveit_config/launch/static_virtual_joint_tfs.launch.py
[0.534s] -- Symlinking: /home/forsaken/Documents/ros_hcr5/hcr5_ws/src/install/hcr5_moveit_config/share/hcr5_moveit_config/launch/warehouse_db.launch.py
[0.538s] -- Symlinking: /home/forsaken/Documents/ros_hcr5/hcr5_ws/src/install/hcr5_moveit_config/share/hcr5_moveit_config/config/hcr5.srdf
[0.544s] -- Symlinking: /home/forsaken/Documents/ros_hcr5/hcr5_ws/src/install/hcr5_moveit_config/share/hcr5_moveit_config/config/joint_limits.yaml
[0.548s] -- Symlinking: /home/forsaken/Documents/ros_hcr5/hcr5_ws/src/install/hcr5_moveit_config/share/hcr5_moveit_config/config/kinematics.yaml
[0.553s] -- Symlinking: /home/forsaken/Documents/ros_hcr5/hcr5_ws/src/install/hcr5_moveit_config/share/hcr5_moveit_config/config/moveit.rviz
[0.557s] -- Symlinking: /home/forsaken/Documents/ros_hcr5/hcr5_ws/src/install/hcr5_moveit_config/share/hcr5_moveit_config/config/moveit_controllers.yaml
[0.561s] -- Symlinking: /home/forsaken/Documents/ros_hcr5/hcr5_ws/src/install/hcr5_moveit_config/share/hcr5_moveit_config/config/pilz_cartesian_limits.yaml
[0.566s] -- Symlinking: /home/forsaken/Documents/ros_hcr5/hcr5_ws/src/install/hcr5_moveit_config/share/hcr5_moveit_config/config/ros2_controllers.yaml
[0.572s] -- Symlinking: /home/forsaken/Documents/ros_hcr5/hcr5_ws/src/install/hcr5_moveit_config/share/hcr5_moveit_config/.setup_assistant
[0.578s] Invoked command in '/home/forsaken/Documents/ros_hcr5/hcr5_ws/src/build/hcr5_moveit_config' returned '0': AMENT_PREFIX_PATH=/home/forsaken/Documents/ros_hcr5/hcr5_ws/src/install/hcr5_description:${AMENT_PREFIX_PATH} CMAKE_PREFIX_PATH=/home/forsaken/Documents/ros_hcr5/hcr5_ws/src/install/hcr5_description:/opt/ros/humble /usr/bin/cmake --install /home/forsaken/Documents/ros_hcr5/hcr5_ws/src/build/hcr5_moveit_config
