[0.052s] DEBUG:colcon:Command line arguments: ['/usr/bin/colcon', 'build', '--symlink-install']
[0.052s] DEBUG:colcon:Parsed command line arguments: Namespace(log_base=None, log_level=None, verb_name='build', build_base='build', install_base='install', merge_install=False, symlink_install=True, test_result_base=None, continue_on_error=False, executor='parallel', parallel_workers=24, event_handlers=None, ignore_user_meta=False, metas=['./colcon.meta'], base_paths=['.'], packages_ignore=None, packages_ignore_regex=None, paths=None, packages_up_to=None, packages_up_to_regex=None, packages_above=None, packages_above_and_dependencies=None, packages_above_depth=None, packages_select_by_dep=None, packages_skip_by_dep=None, packages_skip_up_to=None, packages_select_build_failed=False, packages_skip_build_finished=False, packages_select_test_failures=False, packages_skip_test_passed=False, packages_select=None, packages_skip=None, packages_select_regex=None, packages_skip_regex=None, packages_start=None, packages_end=None, allow_overriding=[], cmake_args=None, cmake_target=None, cmake_target_skip_unavailable=False, cmake_clean_cache=False, cmake_clean_first=False, cmake_force_configure=False, ament_cmake_args=None, catkin_cmake_args=None, catkin_skip_building_tests=False, verb_parser=<colcon_defaults.argument_parser.defaults.DefaultArgumentsDecorator object at 0x753fdbc08dc0>, verb_extension=<colcon_core.verb.build.BuildVerb object at 0x753fdbd6e1a0>, main=<bound method BuildVerb.main of <colcon_core.verb.build.BuildVerb object at 0x753fdbd6e1a0>>)
[0.135s] Level 1:colcon.colcon_core.package_discovery:discover_packages(colcon_meta) check parameters
[0.135s] Level 1:colcon.colcon_core.package_discovery:discover_packages(recursive) check parameters
[0.135s] Level 1:colcon.colcon_core.package_discovery:discover_packages(ignore) check parameters
[0.135s] Level 1:colcon.colcon_core.package_discovery:discover_packages(path) check parameters
[0.135s] Level 1:colcon.colcon_core.package_discovery:discover_packages(colcon_meta) discover
[0.135s] Level 1:colcon.colcon_core.package_discovery:discover_packages(recursive) discover
[0.135s] INFO:colcon.colcon_core.package_discovery:Crawling recursively for packages in '/home/forsaken/Documents/ros_hcr5/hcr5_ws/src'
[0.135s] Level 1:colcon.colcon_core.package_identification:_identify(.) by extensions ['ignore', 'ignore_ament_install']
[0.135s] Level 1:colcon.colcon_core.package_identification:_identify(.) by extension 'ignore'
[0.135s] Level 1:colcon.colcon_core.package_identification:_identify(.) by extension 'ignore_ament_install'
[0.135s] Level 1:colcon.colcon_core.package_identification:_identify(.) by extensions ['colcon_pkg']
[0.135s] Level 1:colcon.colcon_core.package_identification:_identify(.) by extension 'colcon_pkg'
[0.135s] Level 1:colcon.colcon_core.package_identification:_identify(.) by extensions ['colcon_meta']
[0.135s] Level 1:colcon.colcon_core.package_identification:_identify(.) by extension 'colcon_meta'
[0.135s] Level 1:colcon.colcon_core.package_identification:_identify(.) by extensions ['ros']
[0.135s] Level 1:colcon.colcon_core.package_identification:_identify(.) by extension 'ros'
[0.155s] Level 1:colcon.colcon_core.package_identification:_identify(.) by extensions ['cmake', 'python']
[0.155s] Level 1:colcon.colcon_core.package_identification:_identify(.) by extension 'cmake'
[0.155s] Level 1:colcon.colcon_core.package_identification:_identify(.) by extension 'python'
[0.155s] Level 1:colcon.colcon_core.package_identification:_identify(.) by extensions ['python_setup_py']
[0.155s] Level 1:colcon.colcon_core.package_identification:_identify(.) by extension 'python_setup_py'
[0.155s] Level 1:colcon.colcon_core.package_identification:_identify(build) by extensions ['ignore', 'ignore_ament_install']
[0.156s] Level 1:colcon.colcon_core.package_identification:_identify(build) by extension 'ignore'
[0.156s] Level 1:colcon.colcon_core.package_identification:_identify(build) ignored
[0.156s] Level 1:colcon.colcon_core.package_identification:_identify(hcr5_description) by extensions ['ignore', 'ignore_ament_install']
[0.156s] Level 1:colcon.colcon_core.package_identification:_identify(hcr5_description) by extension 'ignore'
[0.156s] Level 1:colcon.colcon_core.package_identification:_identify(hcr5_description) by extension 'ignore_ament_install'
[0.156s] Level 1:colcon.colcon_core.package_identification:_identify(hcr5_description) by extensions ['colcon_pkg']
[0.156s] Level 1:colcon.colcon_core.package_identification:_identify(hcr5_description) by extension 'colcon_pkg'
[0.156s] Level 1:colcon.colcon_core.package_identification:_identify(hcr5_description) by extensions ['colcon_meta']
[0.156s] Level 1:colcon.colcon_core.package_identification:_identify(hcr5_description) by extension 'colcon_meta'
[0.156s] Level 1:colcon.colcon_core.package_identification:_identify(hcr5_description) by extensions ['ros']
[0.156s] Level 1:colcon.colcon_core.package_identification:_identify(hcr5_description) by extension 'ros'
[0.157s] DEBUG:colcon.colcon_core.package_identification:Package 'hcr5_description' with type 'ros.ament_cmake' and name 'hcr5_description'
[0.157s] Level 1:colcon.colcon_core.package_identification:_identify(hcr5_moveit_config) by extensions ['ignore', 'ignore_ament_install']
[0.157s] Level 1:colcon.colcon_core.package_identification:_identify(hcr5_moveit_config) by extension 'ignore'
[0.157s] Level 1:colcon.colcon_core.package_identification:_identify(hcr5_moveit_config) by extension 'ignore_ament_install'
[0.157s] Level 1:colcon.colcon_core.package_identification:_identify(hcr5_moveit_config) by extensions ['colcon_pkg']
[0.157s] Level 1:colcon.colcon_core.package_identification:_identify(hcr5_moveit_config) by extension 'colcon_pkg'
[0.157s] Level 1:colcon.colcon_core.package_identification:_identify(hcr5_moveit_config) by extensions ['colcon_meta']
[0.158s] Level 1:colcon.colcon_core.package_identification:_identify(hcr5_moveit_config) by extension 'colcon_meta'
[0.158s] Level 1:colcon.colcon_core.package_identification:_identify(hcr5_moveit_config) by extensions ['ros']
[0.158s] Level 1:colcon.colcon_core.package_identification:_identify(hcr5_moveit_config) by extension 'ros'
[0.158s] DEBUG:colcon.colcon_core.package_identification:Package 'hcr5_moveit_config' with type 'ros.ament_cmake' and name 'hcr5_moveit_config'
[0.158s] Level 1:colcon.colcon_core.package_identification:_identify(install) by extensions ['ignore', 'ignore_ament_install']
[0.158s] Level 1:colcon.colcon_core.package_identification:_identify(install) by extension 'ignore'
[0.158s] Level 1:colcon.colcon_core.package_identification:_identify(install) ignored
[0.158s] Level 1:colcon.colcon_core.package_identification:_identify(log) by extensions ['ignore', 'ignore_ament_install']
[0.158s] Level 1:colcon.colcon_core.package_identification:_identify(log) by extension 'ignore'
[0.158s] Level 1:colcon.colcon_core.package_identification:_identify(log) ignored
[0.158s] Level 1:colcon.colcon_core.package_discovery:discover_packages(recursive) using defaults
[0.158s] Level 1:colcon.colcon_core.package_discovery:discover_packages(ignore) discover
[0.158s] Level 1:colcon.colcon_core.package_discovery:discover_packages(ignore) using defaults
[0.158s] Level 1:colcon.colcon_core.package_discovery:discover_packages(path) discover
[0.158s] Level 1:colcon.colcon_core.package_discovery:discover_packages(path) using defaults
[0.168s] Level 1:colcon.colcon_core.package_discovery:discover_packages(prefix_path) check parameters
[0.168s] Level 1:colcon.colcon_core.package_discovery:discover_packages(prefix_path) discover
[0.170s] DEBUG:colcon.colcon_installed_package_information.package_discovery:Found 403 installed packages in /opt/ros/humble
[0.171s] Level 1:colcon.colcon_core.package_discovery:discover_packages(prefix_path) using defaults
[0.195s] Level 5:colcon.colcon_core.verb:set package 'hcr5_description' build argument 'cmake_args' from command line to 'None'
[0.195s] Level 5:colcon.colcon_core.verb:set package 'hcr5_description' build argument 'cmake_target' from command line to 'None'
[0.195s] Level 5:colcon.colcon_core.verb:set package 'hcr5_description' build argument 'cmake_target_skip_unavailable' from command line to 'False'
[0.195s] Level 5:colcon.colcon_core.verb:set package 'hcr5_description' build argument 'cmake_clean_cache' from command line to 'False'
[0.195s] Level 5:colcon.colcon_core.verb:set package 'hcr5_description' build argument 'cmake_clean_first' from command line to 'False'
[0.195s] Level 5:colcon.colcon_core.verb:set package 'hcr5_description' build argument 'cmake_force_configure' from command line to 'False'
[0.195s] Level 5:colcon.colcon_core.verb:set package 'hcr5_description' build argument 'ament_cmake_args' from command line to 'None'
[0.195s] Level 5:colcon.colcon_core.verb:set package 'hcr5_description' build argument 'catkin_cmake_args' from command line to 'None'
[0.195s] Level 5:colcon.colcon_core.verb:set package 'hcr5_description' build argument 'catkin_skip_building_tests' from command line to 'False'
[0.195s] DEBUG:colcon.colcon_core.verb:Building package 'hcr5_description' with the following arguments: {'ament_cmake_args': None, 'build_base': '/home/forsaken/Documents/ros_hcr5/hcr5_ws/src/build/hcr5_description', 'catkin_cmake_args': None, 'catkin_skip_building_tests': False, 'cmake_args': None, 'cmake_clean_cache': False, 'cmake_clean_first': False, 'cmake_force_configure': False, 'cmake_target': None, 'cmake_target_skip_unavailable': False, 'install_base': '/home/forsaken/Documents/ros_hcr5/hcr5_ws/src/install/hcr5_description', 'merge_install': False, 'path': '/home/forsaken/Documents/ros_hcr5/hcr5_ws/src/hcr5_description', 'symlink_install': True, 'test_result_base': None}
[0.195s] Level 5:colcon.colcon_core.verb:set package 'hcr5_moveit_config' build argument 'cmake_args' from command line to 'None'
[0.195s] Level 5:colcon.colcon_core.verb:set package 'hcr5_moveit_config' build argument 'cmake_target' from command line to 'None'
[0.195s] Level 5:colcon.colcon_core.verb:set package 'hcr5_moveit_config' build argument 'cmake_target_skip_unavailable' from command line to 'False'
[0.195s] Level 5:colcon.colcon_core.verb:set package 'hcr5_moveit_config' build argument 'cmake_clean_cache' from command line to 'False'
[0.195s] Level 5:colcon.colcon_core.verb:set package 'hcr5_moveit_config' build argument 'cmake_clean_first' from command line to 'False'
[0.195s] Level 5:colcon.colcon_core.verb:set package 'hcr5_moveit_config' build argument 'cmake_force_configure' from command line to 'False'
[0.195s] Level 5:colcon.colcon_core.verb:set package 'hcr5_moveit_config' build argument 'ament_cmake_args' from command line to 'None'
[0.195s] Level 5:colcon.colcon_core.verb:set package 'hcr5_moveit_config' build argument 'catkin_cmake_args' from command line to 'None'
[0.195s] Level 5:colcon.colcon_core.verb:set package 'hcr5_moveit_config' build argument 'catkin_skip_building_tests' from command line to 'False'
[0.195s] DEBUG:colcon.colcon_core.verb:Building package 'hcr5_moveit_config' with the following arguments: {'ament_cmake_args': None, 'build_base': '/home/forsaken/Documents/ros_hcr5/hcr5_ws/src/build/hcr5_moveit_config', 'catkin_cmake_args': None, 'catkin_skip_building_tests': False, 'cmake_args': None, 'cmake_clean_cache': False, 'cmake_clean_first': False, 'cmake_force_configure': False, 'cmake_target': None, 'cmake_target_skip_unavailable': False, 'install_base': '/home/forsaken/Documents/ros_hcr5/hcr5_ws/src/install/hcr5_moveit_config', 'merge_install': False, 'path': '/home/forsaken/Documents/ros_hcr5/hcr5_ws/src/hcr5_moveit_config', 'symlink_install': True, 'test_result_base': None}
[0.195s] INFO:colcon.colcon_core.executor:Executing jobs using 'parallel' executor
[0.196s] DEBUG:colcon.colcon_parallel_executor.executor.parallel:run_until_complete
[0.196s] INFO:colcon.colcon_ros.task.ament_cmake.build:Building ROS package in '/home/forsaken/Documents/ros_hcr5/hcr5_ws/src/hcr5_description' with build type 'ament_cmake'
[0.196s] INFO:colcon.colcon_cmake.task.cmake.build:Building CMake package in '/home/forsaken/Documents/ros_hcr5/hcr5_ws/src/hcr5_description'
[0.197s] INFO:colcon.colcon_core.plugin_system:Skipping extension 'colcon_core.shell.bat': Not used on non-Windows systems
[0.197s] INFO:colcon.colcon_core.shell:Skip shell extension 'powershell' for command environment: Not usable outside of PowerShell
[0.197s] DEBUG:colcon.colcon_core.shell:Skip shell extension 'dsv' for command environment
[0.203s] DEBUG:colcon.colcon_core.event_handler.log_command:Invoking command in '/home/forsaken/Documents/ros_hcr5/hcr5_ws/src/build/hcr5_description': CMAKE_PREFIX_PATH=/opt/ros/humble /usr/bin/cmake /home/forsaken/Documents/ros_hcr5/hcr5_ws/src/hcr5_description -DAMENT_CMAKE_SYMLINK_INSTALL=1 -DCMAKE_INSTALL_PREFIX=/home/forsaken/Documents/ros_hcr5/hcr5_ws/src/install/hcr5_description
[0.609s] DEBUG:colcon.colcon_core.event_handler.log_command:Invoked command in '/home/forsaken/Documents/ros_hcr5/hcr5_ws/src/build/hcr5_description' returned '0': CMAKE_PREFIX_PATH=/opt/ros/humble /usr/bin/cmake /home/forsaken/Documents/ros_hcr5/hcr5_ws/src/hcr5_description -DAMENT_CMAKE_SYMLINK_INSTALL=1 -DCMAKE_INSTALL_PREFIX=/home/forsaken/Documents/ros_hcr5/hcr5_ws/src/install/hcr5_description
[0.611s] DEBUG:colcon.colcon_core.event_handler.log_command:Invoking command in '/home/forsaken/Documents/ros_hcr5/hcr5_ws/src/build/hcr5_description': CMAKE_PREFIX_PATH=/opt/ros/humble /usr/bin/cmake --build /home/forsaken/Documents/ros_hcr5/hcr5_ws/src/build/hcr5_description -- -j24 -l24
[0.638s] DEBUG:colcon.colcon_core.event_handler.log_command:Invoked command in '/home/forsaken/Documents/ros_hcr5/hcr5_ws/src/build/hcr5_description' returned '0': CMAKE_PREFIX_PATH=/opt/ros/humble /usr/bin/cmake --build /home/forsaken/Documents/ros_hcr5/hcr5_ws/src/build/hcr5_description -- -j24 -l24
[0.643s] DEBUG:colcon.colcon_core.event_handler.log_command:Invoking command in '/home/forsaken/Documents/ros_hcr5/hcr5_ws/src/build/hcr5_description': CMAKE_PREFIX_PATH=/opt/ros/humble /usr/bin/cmake --install /home/forsaken/Documents/ros_hcr5/hcr5_ws/src/build/hcr5_description
[0.815s] Level 1:colcon.colcon_core.environment:create_environment_scripts_only(hcr5_description)
[0.815s] DEBUG:colcon.colcon_core.event_handler.log_command:Invoked command in '/home/forsaken/Documents/ros_hcr5/hcr5_ws/src/build/hcr5_description' returned '0': CMAKE_PREFIX_PATH=/opt/ros/humble /usr/bin/cmake --install /home/forsaken/Documents/ros_hcr5/hcr5_ws/src/build/hcr5_description
[0.816s] Level 1:colcon.colcon_core.environment:checking '/home/forsaken/Documents/ros_hcr5/hcr5_ws/src/install/hcr5_description' for CMake module files
[0.816s] Level 1:colcon.colcon_core.environment:checking '/home/forsaken/Documents/ros_hcr5/hcr5_ws/src/install/hcr5_description' for CMake config files
[0.816s] Level 1:colcon.colcon_core.shell:create_environment_hook('hcr5_description', 'cmake_prefix_path')
[0.817s] INFO:colcon.colcon_core.shell:Creating environment hook '/home/forsaken/Documents/ros_hcr5/hcr5_ws/src/install/hcr5_description/share/hcr5_description/hook/cmake_prefix_path.ps1'
[0.817s] INFO:colcon.colcon_core.shell:Creating environment descriptor '/home/forsaken/Documents/ros_hcr5/hcr5_ws/src/install/hcr5_description/share/hcr5_description/hook/cmake_prefix_path.dsv'
[0.817s] INFO:colcon.colcon_core.shell:Creating environment hook '/home/forsaken/Documents/ros_hcr5/hcr5_ws/src/install/hcr5_description/share/hcr5_description/hook/cmake_prefix_path.sh'
[0.818s] Level 1:colcon.colcon_core.environment:checking '/home/forsaken/Documents/ros_hcr5/hcr5_ws/src/install/hcr5_description/bin'
[0.818s] Level 1:colcon.colcon_core.environment:checking '/home/forsaken/Documents/ros_hcr5/hcr5_ws/src/install/hcr5_description/lib/pkgconfig/hcr5_description.pc'
[0.818s] Level 1:colcon.colcon_core.environment:checking '/home/forsaken/Documents/ros_hcr5/hcr5_ws/src/install/hcr5_description/lib/python3.10/site-packages'
[0.818s] Level 1:colcon.colcon_core.environment:checking '/home/forsaken/Documents/ros_hcr5/hcr5_ws/src/install/hcr5_description/bin'
[0.818s] INFO:colcon.colcon_core.shell:Creating package script '/home/forsaken/Documents/ros_hcr5/hcr5_ws/src/install/hcr5_description/share/hcr5_description/package.ps1'
[0.818s] INFO:colcon.colcon_core.shell:Creating package descriptor '/home/forsaken/Documents/ros_hcr5/hcr5_ws/src/install/hcr5_description/share/hcr5_description/package.dsv'
[0.819s] INFO:colcon.colcon_core.shell:Creating package script '/home/forsaken/Documents/ros_hcr5/hcr5_ws/src/install/hcr5_description/share/hcr5_description/package.sh'
[0.819s] INFO:colcon.colcon_core.shell:Creating package script '/home/forsaken/Documents/ros_hcr5/hcr5_ws/src/install/hcr5_description/share/hcr5_description/package.bash'
[0.819s] INFO:colcon.colcon_core.shell:Creating package script '/home/forsaken/Documents/ros_hcr5/hcr5_ws/src/install/hcr5_description/share/hcr5_description/package.zsh'
[0.819s] Level 1:colcon.colcon_core.environment:create_file_with_runtime_dependencies(/home/forsaken/Documents/ros_hcr5/hcr5_ws/src/install/hcr5_description/share/colcon-core/packages/hcr5_description)
[0.820s] Level 1:colcon.colcon_core.environment:create_environment_scripts_only(hcr5_description)
[0.820s] Level 1:colcon.colcon_core.environment:checking '/home/forsaken/Documents/ros_hcr5/hcr5_ws/src/install/hcr5_description' for CMake module files
[0.820s] Level 1:colcon.colcon_core.environment:checking '/home/forsaken/Documents/ros_hcr5/hcr5_ws/src/install/hcr5_description' for CMake config files
[0.820s] Level 1:colcon.colcon_core.shell:create_environment_hook('hcr5_description', 'cmake_prefix_path')
[0.820s] INFO:colcon.colcon_core.shell:Creating environment hook '/home/forsaken/Documents/ros_hcr5/hcr5_ws/src/install/hcr5_description/share/hcr5_description/hook/cmake_prefix_path.ps1'
[0.821s] INFO:colcon.colcon_core.shell:Creating environment descriptor '/home/forsaken/Documents/ros_hcr5/hcr5_ws/src/install/hcr5_description/share/hcr5_description/hook/cmake_prefix_path.dsv'
[0.821s] INFO:colcon.colcon_core.shell:Creating environment hook '/home/forsaken/Documents/ros_hcr5/hcr5_ws/src/install/hcr5_description/share/hcr5_description/hook/cmake_prefix_path.sh'
[0.821s] Level 1:colcon.colcon_core.environment:checking '/home/forsaken/Documents/ros_hcr5/hcr5_ws/src/install/hcr5_description/bin'
[0.821s] Level 1:colcon.colcon_core.environment:checking '/home/forsaken/Documents/ros_hcr5/hcr5_ws/src/install/hcr5_description/lib/pkgconfig/hcr5_description.pc'
[0.821s] Level 1:colcon.colcon_core.environment:checking '/home/forsaken/Documents/ros_hcr5/hcr5_ws/src/install/hcr5_description/lib/python3.10/site-packages'
[0.821s] Level 1:colcon.colcon_core.environment:checking '/home/forsaken/Documents/ros_hcr5/hcr5_ws/src/install/hcr5_description/bin'
[0.821s] INFO:colcon.colcon_core.shell:Creating package script '/home/forsaken/Documents/ros_hcr5/hcr5_ws/src/install/hcr5_description/share/hcr5_description/package.ps1'
[0.822s] INFO:colcon.colcon_core.shell:Creating package descriptor '/home/forsaken/Documents/ros_hcr5/hcr5_ws/src/install/hcr5_description/share/hcr5_description/package.dsv'
[0.822s] INFO:colcon.colcon_core.shell:Creating package script '/home/forsaken/Documents/ros_hcr5/hcr5_ws/src/install/hcr5_description/share/hcr5_description/package.sh'
[0.822s] INFO:colcon.colcon_core.shell:Creating package script '/home/forsaken/Documents/ros_hcr5/hcr5_ws/src/install/hcr5_description/share/hcr5_description/package.bash'
[0.822s] INFO:colcon.colcon_core.shell:Creating package script '/home/forsaken/Documents/ros_hcr5/hcr5_ws/src/install/hcr5_description/share/hcr5_description/package.zsh'
[0.822s] Level 1:colcon.colcon_core.environment:create_file_with_runtime_dependencies(/home/forsaken/Documents/ros_hcr5/hcr5_ws/src/install/hcr5_description/share/colcon-core/packages/hcr5_description)
[0.822s] INFO:colcon.colcon_ros.task.ament_cmake.build:Building ROS package in '/home/forsaken/Documents/ros_hcr5/hcr5_ws/src/hcr5_moveit_config' with build type 'ament_cmake'
[0.823s] INFO:colcon.colcon_cmake.task.cmake.build:Building CMake package in '/home/forsaken/Documents/ros_hcr5/hcr5_ws/src/hcr5_moveit_config'
[0.823s] INFO:colcon.colcon_core.shell:Skip shell extension 'powershell' for command environment: Not usable outside of PowerShell
[0.823s] DEBUG:colcon.colcon_core.shell:Skip shell extension 'dsv' for command environment
[0.830s] DEBUG:colcon.colcon_core.event_handler.log_command:Invoking command in '/home/forsaken/Documents/ros_hcr5/hcr5_ws/src/build/hcr5_moveit_config': AMENT_PREFIX_PATH=/home/forsaken/Documents/ros_hcr5/hcr5_ws/src/install/hcr5_description:${AMENT_PREFIX_PATH} CMAKE_PREFIX_PATH=/home/forsaken/Documents/ros_hcr5/hcr5_ws/src/install/hcr5_description:/opt/ros/humble /usr/bin/cmake /home/forsaken/Documents/ros_hcr5/hcr5_ws/src/hcr5_moveit_config -DAMENT_CMAKE_SYMLINK_INSTALL=1 -DCMAKE_INSTALL_PREFIX=/home/forsaken/Documents/ros_hcr5/hcr5_ws/src/install/hcr5_moveit_config
[1.204s] DEBUG:colcon.colcon_core.event_handler.log_command:Invoked command in '/home/forsaken/Documents/ros_hcr5/hcr5_ws/src/build/hcr5_moveit_config' returned '0': AMENT_PREFIX_PATH=/home/forsaken/Documents/ros_hcr5/hcr5_ws/src/install/hcr5_description:${AMENT_PREFIX_PATH} CMAKE_PREFIX_PATH=/home/forsaken/Documents/ros_hcr5/hcr5_ws/src/install/hcr5_description:/opt/ros/humble /usr/bin/cmake /home/forsaken/Documents/ros_hcr5/hcr5_ws/src/hcr5_moveit_config -DAMENT_CMAKE_SYMLINK_INSTALL=1 -DCMAKE_INSTALL_PREFIX=/home/forsaken/Documents/ros_hcr5/hcr5_ws/src/install/hcr5_moveit_config
[1.205s] DEBUG:colcon.colcon_core.event_handler.log_command:Invoking command in '/home/forsaken/Documents/ros_hcr5/hcr5_ws/src/build/hcr5_moveit_config': AMENT_PREFIX_PATH=/home/forsaken/Documents/ros_hcr5/hcr5_ws/src/install/hcr5_description:${AMENT_PREFIX_PATH} CMAKE_PREFIX_PATH=/home/forsaken/Documents/ros_hcr5/hcr5_ws/src/install/hcr5_description:/opt/ros/humble /usr/bin/cmake --build /home/forsaken/Documents/ros_hcr5/hcr5_ws/src/build/hcr5_moveit_config -- -j24 -l24
[1.230s] DEBUG:colcon.colcon_core.event_handler.log_command:Invoked command in '/home/forsaken/Documents/ros_hcr5/hcr5_ws/src/build/hcr5_moveit_config' returned '0': AMENT_PREFIX_PATH=/home/forsaken/Documents/ros_hcr5/hcr5_ws/src/install/hcr5_description:${AMENT_PREFIX_PATH} CMAKE_PREFIX_PATH=/home/forsaken/Documents/ros_hcr5/hcr5_ws/src/install/hcr5_description:/opt/ros/humble /usr/bin/cmake --build /home/forsaken/Documents/ros_hcr5/hcr5_ws/src/build/hcr5_moveit_config -- -j24 -l24
[1.231s] DEBUG:colcon.colcon_core.event_handler.log_command:Invoking command in '/home/forsaken/Documents/ros_hcr5/hcr5_ws/src/build/hcr5_moveit_config': AMENT_PREFIX_PATH=/home/forsaken/Documents/ros_hcr5/hcr5_ws/src/install/hcr5_description:${AMENT_PREFIX_PATH} CMAKE_PREFIX_PATH=/home/forsaken/Documents/ros_hcr5/hcr5_ws/src/install/hcr5_description:/opt/ros/humble /usr/bin/cmake --install /home/forsaken/Documents/ros_hcr5/hcr5_ws/src/build/hcr5_moveit_config
[1.400s] Level 1:colcon.colcon_core.environment:create_environment_scripts_only(hcr5_moveit_config)
[1.401s] Level 1:colcon.colcon_core.environment:checking '/home/forsaken/Documents/ros_hcr5/hcr5_ws/src/install/hcr5_moveit_config' for CMake module files
[1.401s] DEBUG:colcon.colcon_core.event_handler.log_command:Invoked command in '/home/forsaken/Documents/ros_hcr5/hcr5_ws/src/build/hcr5_moveit_config' returned '0': AMENT_PREFIX_PATH=/home/forsaken/Documents/ros_hcr5/hcr5_ws/src/install/hcr5_description:${AMENT_PREFIX_PATH} CMAKE_PREFIX_PATH=/home/forsaken/Documents/ros_hcr5/hcr5_ws/src/install/hcr5_description:/opt/ros/humble /usr/bin/cmake --install /home/forsaken/Documents/ros_hcr5/hcr5_ws/src/build/hcr5_moveit_config
[1.401s] Level 1:colcon.colcon_core.environment:checking '/home/forsaken/Documents/ros_hcr5/hcr5_ws/src/install/hcr5_moveit_config' for CMake config files
[1.401s] Level 1:colcon.colcon_core.shell:create_environment_hook('hcr5_moveit_config', 'cmake_prefix_path')
[1.401s] INFO:colcon.colcon_core.shell:Creating environment hook '/home/forsaken/Documents/ros_hcr5/hcr5_ws/src/install/hcr5_moveit_config/share/hcr5_moveit_config/hook/cmake_prefix_path.ps1'
[1.402s] INFO:colcon.colcon_core.shell:Creating environment descriptor '/home/forsaken/Documents/ros_hcr5/hcr5_ws/src/install/hcr5_moveit_config/share/hcr5_moveit_config/hook/cmake_prefix_path.dsv'
[1.402s] INFO:colcon.colcon_core.shell:Creating environment hook '/home/forsaken/Documents/ros_hcr5/hcr5_ws/src/install/hcr5_moveit_config/share/hcr5_moveit_config/hook/cmake_prefix_path.sh'
[1.402s] Level 1:colcon.colcon_core.environment:checking '/home/forsaken/Documents/ros_hcr5/hcr5_ws/src/install/hcr5_moveit_config/bin'
[1.402s] Level 1:colcon.colcon_core.environment:checking '/home/forsaken/Documents/ros_hcr5/hcr5_ws/src/install/hcr5_moveit_config/lib/pkgconfig/hcr5_moveit_config.pc'
[1.402s] Level 1:colcon.colcon_core.environment:checking '/home/forsaken/Documents/ros_hcr5/hcr5_ws/src/install/hcr5_moveit_config/lib/python3.10/site-packages'
[1.402s] Level 1:colcon.colcon_core.environment:checking '/home/forsaken/Documents/ros_hcr5/hcr5_ws/src/install/hcr5_moveit_config/bin'
[1.403s] INFO:colcon.colcon_core.shell:Creating package script '/home/forsaken/Documents/ros_hcr5/hcr5_ws/src/install/hcr5_moveit_config/share/hcr5_moveit_config/package.ps1'
[1.403s] INFO:colcon.colcon_core.shell:Creating package descriptor '/home/forsaken/Documents/ros_hcr5/hcr5_ws/src/install/hcr5_moveit_config/share/hcr5_moveit_config/package.dsv'
[1.403s] INFO:colcon.colcon_core.shell:Creating package script '/home/forsaken/Documents/ros_hcr5/hcr5_ws/src/install/hcr5_moveit_config/share/hcr5_moveit_config/package.sh'
[1.403s] INFO:colcon.colcon_core.shell:Creating package script '/home/forsaken/Documents/ros_hcr5/hcr5_ws/src/install/hcr5_moveit_config/share/hcr5_moveit_config/package.bash'
[1.403s] INFO:colcon.colcon_core.shell:Creating package script '/home/forsaken/Documents/ros_hcr5/hcr5_ws/src/install/hcr5_moveit_config/share/hcr5_moveit_config/package.zsh'
[1.403s] Level 1:colcon.colcon_core.environment:create_file_with_runtime_dependencies(/home/forsaken/Documents/ros_hcr5/hcr5_ws/src/install/hcr5_moveit_config/share/colcon-core/packages/hcr5_moveit_config)
[1.404s] Level 1:colcon.colcon_core.environment:create_environment_scripts_only(hcr5_moveit_config)
[1.404s] Level 1:colcon.colcon_core.environment:checking '/home/forsaken/Documents/ros_hcr5/hcr5_ws/src/install/hcr5_moveit_config' for CMake module files
[1.404s] Level 1:colcon.colcon_core.environment:checking '/home/forsaken/Documents/ros_hcr5/hcr5_ws/src/install/hcr5_moveit_config' for CMake config files
[1.404s] Level 1:colcon.colcon_core.shell:create_environment_hook('hcr5_moveit_config', 'cmake_prefix_path')
[1.404s] INFO:colcon.colcon_core.shell:Creating environment hook '/home/forsaken/Documents/ros_hcr5/hcr5_ws/src/install/hcr5_moveit_config/share/hcr5_moveit_config/hook/cmake_prefix_path.ps1'
[1.404s] INFO:colcon.colcon_core.shell:Creating environment descriptor '/home/forsaken/Documents/ros_hcr5/hcr5_ws/src/install/hcr5_moveit_config/share/hcr5_moveit_config/hook/cmake_prefix_path.dsv'
[1.405s] INFO:colcon.colcon_core.shell:Creating environment hook '/home/forsaken/Documents/ros_hcr5/hcr5_ws/src/install/hcr5_moveit_config/share/hcr5_moveit_config/hook/cmake_prefix_path.sh'
[1.405s] Level 1:colcon.colcon_core.environment:checking '/home/forsaken/Documents/ros_hcr5/hcr5_ws/src/install/hcr5_moveit_config/bin'
[1.405s] Level 1:colcon.colcon_core.environment:checking '/home/forsaken/Documents/ros_hcr5/hcr5_ws/src/install/hcr5_moveit_config/lib/pkgconfig/hcr5_moveit_config.pc'
[1.405s] Level 1:colcon.colcon_core.environment:checking '/home/forsaken/Documents/ros_hcr5/hcr5_ws/src/install/hcr5_moveit_config/lib/python3.10/site-packages'
[1.405s] Level 1:colcon.colcon_core.environment:checking '/home/forsaken/Documents/ros_hcr5/hcr5_ws/src/install/hcr5_moveit_config/bin'
[1.405s] INFO:colcon.colcon_core.shell:Creating package script '/home/forsaken/Documents/ros_hcr5/hcr5_ws/src/install/hcr5_moveit_config/share/hcr5_moveit_config/package.ps1'
[1.406s] INFO:colcon.colcon_core.shell:Creating package descriptor '/home/forsaken/Documents/ros_hcr5/hcr5_ws/src/install/hcr5_moveit_config/share/hcr5_moveit_config/package.dsv'
[1.406s] INFO:colcon.colcon_core.shell:Creating package script '/home/forsaken/Documents/ros_hcr5/hcr5_ws/src/install/hcr5_moveit_config/share/hcr5_moveit_config/package.sh'
[1.406s] INFO:colcon.colcon_core.shell:Creating package script '/home/forsaken/Documents/ros_hcr5/hcr5_ws/src/install/hcr5_moveit_config/share/hcr5_moveit_config/package.bash'
[1.406s] INFO:colcon.colcon_core.shell:Creating package script '/home/forsaken/Documents/ros_hcr5/hcr5_ws/src/install/hcr5_moveit_config/share/hcr5_moveit_config/package.zsh'
[1.406s] Level 1:colcon.colcon_core.environment:create_file_with_runtime_dependencies(/home/forsaken/Documents/ros_hcr5/hcr5_ws/src/install/hcr5_moveit_config/share/colcon-core/packages/hcr5_moveit_config)
[1.406s] DEBUG:colcon.colcon_parallel_executor.executor.parallel:closing loop
[1.407s] DEBUG:colcon.colcon_parallel_executor.executor.parallel:loop closed
[1.407s] DEBUG:colcon.colcon_parallel_executor.executor.parallel:run_until_complete finished with '0'
[1.407s] DEBUG:colcon.colcon_core.event_reactor:joining thread
[1.409s] INFO:colcon.colcon_core.plugin_system:Skipping extension 'colcon_notification.desktop_notification.terminal_notifier': Not used on non-Darwin systems
[1.409s] INFO:colcon.colcon_core.plugin_system:Skipping extension 'colcon_notification.desktop_notification.win32': Not used on non-Windows systems
[1.409s] INFO:colcon.colcon_notification.desktop_notification:Sending desktop notification using 'notify2'
[1.418s] DEBUG:colcon.colcon_core.event_reactor:joined thread
[1.418s] INFO:colcon.colcon_core.shell:Creating prefix script '/home/forsaken/Documents/ros_hcr5/hcr5_ws/src/install/local_setup.ps1'
[1.418s] INFO:colcon.colcon_core.shell:Creating prefix util module '/home/forsaken/Documents/ros_hcr5/hcr5_ws/src/install/_local_setup_util_ps1.py'
[1.419s] INFO:colcon.colcon_core.shell:Creating prefix chain script '/home/forsaken/Documents/ros_hcr5/hcr5_ws/src/install/setup.ps1'
[1.420s] INFO:colcon.colcon_core.shell:Creating prefix script '/home/forsaken/Documents/ros_hcr5/hcr5_ws/src/install/local_setup.sh'
[1.420s] INFO:colcon.colcon_core.shell:Creating prefix util module '/home/forsaken/Documents/ros_hcr5/hcr5_ws/src/install/_local_setup_util_sh.py'
[1.420s] INFO:colcon.colcon_core.shell:Creating prefix chain script '/home/forsaken/Documents/ros_hcr5/hcr5_ws/src/install/setup.sh'
[1.420s] INFO:colcon.colcon_core.shell:Creating prefix script '/home/forsaken/Documents/ros_hcr5/hcr5_ws/src/install/local_setup.bash'
[1.421s] INFO:colcon.colcon_core.shell:Creating prefix chain script '/home/forsaken/Documents/ros_hcr5/hcr5_ws/src/install/setup.bash'
[1.421s] INFO:colcon.colcon_core.shell:Creating prefix script '/home/forsaken/Documents/ros_hcr5/hcr5_ws/src/install/local_setup.zsh'
[1.421s] INFO:colcon.colcon_core.shell:Creating prefix chain script '/home/forsaken/Documents/ros_hcr5/hcr5_ws/src/install/setup.zsh'
