[0.005s] Invoking command in '/home/forsaken/Documents/hcr5_ws/build/hcr5_moveit_config': CMAKE_PREFIX_PATH=/home/forsaken/Documents/hcr5_ws/install/hcr5_description:/home/forsaken/Documents/hcr5_ws/install/hrc5_moveit_config:/opt/ros/humble /usr/bin/cmake /home/forsaken/Documents/hcr5_ws/src/hcr5_moveit_config -DAMENT_CMAKE_SYMLINK_INSTALL=1 -DCMAKE_INSTALL_PREFIX=/home/forsaken/Documents/hcr5_ws/install/hcr5_moveit_config
[0.041s] -- The C compiler identification is GNU 11.4.0
[0.077s] -- The CXX compiler identification is GNU 11.4.0
[0.081s] -- Detecting C compiler ABI info
[0.124s] -- Detecting C compiler ABI info - done
[0.128s] -- Check for working C compiler: /usr/bin/cc - skipped
[0.128s] -- Detecting C compile features
[0.128s] -- Detecting C compile features - done
[0.130s] -- Detecting CXX compiler ABI info
[0.180s] -- Detecting CXX compiler ABI info - done
[0.184s] -- Check for working CXX compiler: /usr/bin/c++ - skipped
[0.184s] -- Detecting CXX compile features
[0.185s] -- Detecting CXX compile features - done
[0.186s] -- Found ament_cmake: 1.3.12 (/opt/ros/humble/share/ament_cmake/cmake)
[0.275s] -- Found Python3: /usr/bin/python3 (found version "3.10.12") found components: Interpreter 
[0.309s] -- Override CMake install command with custom implementation using symlinks instead of copying resources
[0.374s] -- Configuring done
[0.375s] -- Generating done
[0.376s] -- Build files have been written to: /home/forsaken/Documents/hcr5_ws/build/hcr5_moveit_config
[0.378s] Invoked command in '/home/forsaken/Documents/hcr5_ws/build/hcr5_moveit_config' returned '0': CMAKE_PREFIX_PATH=/home/forsaken/Documents/hcr5_ws/install/hcr5_description:/home/forsaken/Documents/hcr5_ws/install/hrc5_moveit_config:/opt/ros/humble /usr/bin/cmake /home/forsaken/Documents/hcr5_ws/src/hcr5_moveit_config -DAMENT_CMAKE_SYMLINK_INSTALL=1 -DCMAKE_INSTALL_PREFIX=/home/forsaken/Documents/hcr5_ws/install/hcr5_moveit_config
[0.379s] Invoking command in '/home/forsaken/Documents/hcr5_ws/build/hcr5_moveit_config': CMAKE_PREFIX_PATH=/home/forsaken/Documents/hcr5_ws/install/hcr5_description:/home/forsaken/Documents/hcr5_ws/install/hrc5_moveit_config:/opt/ros/humble /usr/bin/cmake --build /home/forsaken/Documents/hcr5_ws/build/hcr5_moveit_config -- -j24 -l24
[0.402s] Invoked command in '/home/forsaken/Documents/hcr5_ws/build/hcr5_moveit_config' returned '0': CMAKE_PREFIX_PATH=/home/forsaken/Documents/hcr5_ws/install/hcr5_description:/home/forsaken/Documents/hcr5_ws/install/hrc5_moveit_config:/opt/ros/humble /usr/bin/cmake --build /home/forsaken/Documents/hcr5_ws/build/hcr5_moveit_config -- -j24 -l24
[0.403s] Invoking command in '/home/forsaken/Documents/hcr5_ws/build/hcr5_moveit_config': CMAKE_PREFIX_PATH=/home/forsaken/Documents/hcr5_ws/install/hcr5_description:/home/forsaken/Documents/hcr5_ws/install/hrc5_moveit_config:/opt/ros/humble /usr/bin/cmake --install /home/forsaken/Documents/hcr5_ws/build/hcr5_moveit_config
[0.407s] -- Install configuration: ""
[0.407s] -- Execute custom install script
[0.407s] -- Symlinking: /home/forsaken/Documents/hcr5_ws/install/hcr5_moveit_config/share/ament_index/resource_index/package_run_dependencies/hcr5_moveit_config
[0.411s] -- Symlinking: /home/forsaken/Documents/hcr5_ws/install/hcr5_moveit_config/share/ament_index/resource_index/parent_prefix_path/hcr5_moveit_config
[0.416s] -- Symlinking: /home/forsaken/Documents/hcr5_ws/install/hcr5_moveit_config/share/hcr5_moveit_config/environment/ament_prefix_path.sh
[0.422s] -- Symlinking: /home/forsaken/Documents/hcr5_ws/install/hcr5_moveit_config/share/hcr5_moveit_config/environment/ament_prefix_path.dsv
[0.426s] -- Symlinking: /home/forsaken/Documents/hcr5_ws/install/hcr5_moveit_config/share/hcr5_moveit_config/environment/path.sh
[0.431s] -- Symlinking: /home/forsaken/Documents/hcr5_ws/install/hcr5_moveit_config/share/hcr5_moveit_config/environment/path.dsv
[0.437s] -- Symlinking: /home/forsaken/Documents/hcr5_ws/install/hcr5_moveit_config/share/hcr5_moveit_config/local_setup.bash
[0.442s] -- Symlinking: /home/forsaken/Documents/hcr5_ws/install/hcr5_moveit_config/share/hcr5_moveit_config/local_setup.sh
[0.447s] -- Symlinking: /home/forsaken/Documents/hcr5_ws/install/hcr5_moveit_config/share/hcr5_moveit_config/local_setup.zsh
[0.452s] -- Symlinking: /home/forsaken/Documents/hcr5_ws/install/hcr5_moveit_config/share/hcr5_moveit_config/local_setup.dsv
[0.457s] -- Symlinking: /home/forsaken/Documents/hcr5_ws/install/hcr5_moveit_config/share/hcr5_moveit_config/package.dsv
[0.463s] -- Symlinking: /home/forsaken/Documents/hcr5_ws/install/hcr5_moveit_config/share/ament_index/resource_index/packages/hcr5_moveit_config
[0.467s] -- Symlinking: /home/forsaken/Documents/hcr5_ws/install/hcr5_moveit_config/share/hcr5_moveit_config/cmake/hcr5_moveit_configConfig.cmake
[0.472s] -- Symlinking: /home/forsaken/Documents/hcr5_ws/install/hcr5_moveit_config/share/hcr5_moveit_config/cmake/hcr5_moveit_configConfig-version.cmake
[0.477s] -- Symlinking: /home/forsaken/Documents/hcr5_ws/install/hcr5_moveit_config/share/hcr5_moveit_config/package.xml
[0.483s] -- Symlinking: /home/forsaken/Documents/hcr5_ws/install/hcr5_moveit_config/share/hcr5_moveit_config/launch/demo.launch.py
[0.488s] -- Symlinking: /home/forsaken/Documents/hcr5_ws/install/hcr5_moveit_config/share/hcr5_moveit_config/launch/move_group.launch.py
[0.494s] -- Symlinking: /home/forsaken/Documents/hcr5_ws/install/hcr5_moveit_config/share/hcr5_moveit_config/launch/moveit_rviz.launch.py
[0.498s] -- Symlinking: /home/forsaken/Documents/hcr5_ws/install/hcr5_moveit_config/share/hcr5_moveit_config/launch/rsp.launch.py
[0.503s] -- Symlinking: /home/forsaken/Documents/hcr5_ws/install/hcr5_moveit_config/share/hcr5_moveit_config/launch/setup_assistant.launch.py
[0.507s] -- Symlinking: /home/forsaken/Documents/hcr5_ws/install/hcr5_moveit_config/share/hcr5_moveit_config/launch/spawn_controllers.launch.py
[0.512s] -- Symlinking: /home/forsaken/Documents/hcr5_ws/install/hcr5_moveit_config/share/hcr5_moveit_config/launch/static_virtual_joint_tfs.launch.py
[0.518s] -- Symlinking: /home/forsaken/Documents/hcr5_ws/install/hcr5_moveit_config/share/hcr5_moveit_config/launch/warehouse_db.launch.py
[0.524s] -- Symlinking: /home/forsaken/Documents/hcr5_ws/install/hcr5_moveit_config/share/hcr5_moveit_config/config/hcr5.srdf
[0.530s] -- Symlinking: /home/forsaken/Documents/hcr5_ws/install/hcr5_moveit_config/share/hcr5_moveit_config/config/joint_limits.yaml
[0.534s] -- Symlinking: /home/forsaken/Documents/hcr5_ws/install/hcr5_moveit_config/share/hcr5_moveit_config/config/kinematics.yaml
[0.539s] -- Symlinking: /home/forsaken/Documents/hcr5_ws/install/hcr5_moveit_config/share/hcr5_moveit_config/config/moveit.rviz
[0.544s] -- Symlinking: /home/forsaken/Documents/hcr5_ws/install/hcr5_moveit_config/share/hcr5_moveit_config/config/moveit_controllers.yaml
[0.548s] -- Symlinking: /home/forsaken/Documents/hcr5_ws/install/hcr5_moveit_config/share/hcr5_moveit_config/config/pilz_cartesian_limits.yaml
[0.553s] -- Symlinking: /home/forsaken/Documents/hcr5_ws/install/hcr5_moveit_config/share/hcr5_moveit_config/config/ros2_controllers.yaml
[0.557s] -- Symlinking: /home/forsaken/Documents/hcr5_ws/install/hcr5_moveit_config/share/hcr5_moveit_config/.setup_assistant
[0.564s] Invoked command in '/home/forsaken/Documents/hcr5_ws/build/hcr5_moveit_config' returned '0': CMAKE_PREFIX_PATH=/home/forsaken/Documents/hcr5_ws/install/hcr5_description:/home/forsaken/Documents/hcr5_ws/install/hrc5_moveit_config:/opt/ros/humble /usr/bin/cmake --install /home/forsaken/Documents/hcr5_ws/build/hcr5_moveit_config
